63655:C 11 Sep 2023 13:12:23.121 # oO0OoO0OoO0Oo Redis is starting oO0OoO0OoO0Oo
63655:C 11 Sep 2023 13:12:23.121 # Redis version=6.2.5, bits=64, commit=00000000, modified=0, pid=63655, just started
63655:C 11 Sep 2023 13:12:23.121 # Configuration loaded
63655:M 11 Sep 2023 13:12:23.121 * monotonic clock: POSIX clock_gettime
63655:M 11 Sep 2023 13:12:23.123 * No cluster configuration found, I'm 4cd8bfe2c067b1ce2e3aeca44f397fe377a37a4c
63655:M 11 Sep 2023 13:12:23.124 * Running mode=cluster, port=6106.
63655:M 11 Sep 2023 13:12:23.124 # Server initialized
63655:M 11 Sep 2023 13:12:23.124 * Ready to accept connections
63655:M 11 Sep 2023 13:18:13.563 # configEpoch set to 6 via CLUSTER SET-CONFIG-EPOCH
63655:M 11 Sep 2023 13:18:13.732 # IP address for this node updated to 127.0.0.1
63655:S 11 Sep 2023 13:18:16.575 * Before turning into a replica, using my own master parameters to synthesize a cached master: I may be able to synchronize with the new master with just a partial transfer.
63655:S 11 Sep 2023 13:18:16.575 * Connecting to MASTER 127.0.0.1:6101
63655:S 11 Sep 2023 13:18:16.575 * MASTER <-> REPLICA sync started
63655:S 11 Sep 2023 13:18:16.575 # Cluster state changed: ok
63655:S 11 Sep 2023 13:18:16.576 * Non blocking connect for SYNC fired the event.
63655:S 11 Sep 2023 13:18:16.576 * Master replied to PING, replication can continue...
63655:S 11 Sep 2023 13:18:16.576 * Trying a partial resynchronization (request b8cab2c8fe00502d1dc21cfdebc3d54ad4adc773:1).
63655:S 11 Sep 2023 13:18:16.578 * Full resync from master: b6a7558a0512d52e9045a95637078724b5d54d37:0
63655:S 11 Sep 2023 13:18:16.578 * Discarding previously cached master state.
63655:S 11 Sep 2023 13:18:16.660 * MASTER <-> REPLICA sync: receiving 175 bytes from master to disk
63655:S 11 Sep 2023 13:18:16.660 * MASTER <-> REPLICA sync: Flushing old data
63655:S 11 Sep 2023 13:18:16.660 * MASTER <-> REPLICA sync: Loading DB in memory
63655:S 11 Sep 2023 13:18:16.661 * Loading RDB produced by version 6.2.5
63655:S 11 Sep 2023 13:18:16.661 * RDB age 0 seconds
63655:S 11 Sep 2023 13:18:16.661 * RDB memory usage when created 2.66 Mb
63655:S 11 Sep 2023 13:18:16.661 * MASTER <-> REPLICA sync: Finished with success
63655:S 11 Sep 2023 13:28:55.080 # MASTER timeout: no data nor PING received...
63655:S 11 Sep 2023 13:28:55.080 # Connection with master lost.
63655:S 11 Sep 2023 13:28:55.080 * Caching the disconnected master state.
63655:S 11 Sep 2023 13:28:55.081 * Reconnecting to MASTER 127.0.0.1:6101
63655:S 11 Sep 2023 13:28:55.081 * MASTER <-> REPLICA sync started
63655:S 11 Sep 2023 13:28:55.081 * Non blocking connect for SYNC fired the event.
63655:S 11 Sep 2023 13:28:55.085 * Master replied to PING, replication can continue...
63655:S 11 Sep 2023 13:28:55.087 * Trying a partial resynchronization (request b6a7558a0512d52e9045a95637078724b5d54d37:743).
63655:S 11 Sep 2023 13:28:55.088 * Successful partial resynchronization with master.
63655:S 11 Sep 2023 13:28:55.088 * MASTER <-> REPLICA sync: Master accepted a Partial Resynchronization.
63655:S 11 Sep 2023 13:32:45.213 # MASTER timeout: no data nor PING received...
63655:S 11 Sep 2023 13:32:45.213 # Connection with master lost.
63655:S 11 Sep 2023 13:32:45.216 * Caching the disconnected master state.
63655:S 11 Sep 2023 13:32:45.216 * Reconnecting to MASTER 127.0.0.1:6101
63655:S 11 Sep 2023 13:32:45.216 * MASTER <-> REPLICA sync started
63655:S 11 Sep 2023 13:32:45.217 * Non blocking connect for SYNC fired the event.
63655:S 11 Sep 2023 13:32:45.218 * Master replied to PING, replication can continue...
63655:S 11 Sep 2023 13:32:45.219 * Trying a partial resynchronization (request b6a7558a0512d52e9045a95637078724b5d54d37:813).
63655:S 11 Sep 2023 13:32:45.220 * Successful partial resynchronization with master.
63655:S 11 Sep 2023 13:32:45.220 * MASTER <-> REPLICA sync: Master accepted a Partial Resynchronization.
63655:S 11 Sep 2023 14:49:51.981 # Connection with master lost.
63655:S 11 Sep 2023 14:49:51.981 * Caching the disconnected master state.
63655:S 11 Sep 2023 14:49:51.981 * Reconnecting to MASTER 127.0.0.1:6101
63655:S 11 Sep 2023 14:49:51.981 * MASTER <-> REPLICA sync started
63655:S 11 Sep 2023 14:49:51.981 * Non blocking connect for SYNC fired the event.
63655:S 11 Sep 2023 14:49:51.982 * Master replied to PING, replication can continue...
63655:S 11 Sep 2023 14:49:51.982 * Trying a partial resynchronization (request b6a7558a0512d52e9045a95637078724b5d54d37:883).
63655:S 11 Sep 2023 14:49:51.982 * Successful partial resynchronization with master.
63655:S 11 Sep 2023 14:49:51.982 * MASTER <-> REPLICA sync: Master accepted a Partial Resynchronization.
63655:S 11 Sep 2023 15:27:21.837 # Connection with master lost.
63655:S 11 Sep 2023 15:27:21.837 * Caching the disconnected master state.
63655:S 11 Sep 2023 15:27:21.837 * Reconnecting to MASTER 127.0.0.1:6101
63655:S 11 Sep 2023 15:27:21.837 * MASTER <-> REPLICA sync started
63655:S 11 Sep 2023 15:27:21.837 * Non blocking connect for SYNC fired the event.
63655:S 11 Sep 2023 15:27:21.837 * Master replied to PING, replication can continue...
63655:S 11 Sep 2023 15:27:21.837 * Trying a partial resynchronization (request b6a7558a0512d52e9045a95637078724b5d54d37:953).
63655:S 11 Sep 2023 15:27:21.838 * Successful partial resynchronization with master.
63655:S 11 Sep 2023 15:27:21.838 * MASTER <-> REPLICA sync: Master accepted a Partial Resynchronization.
63655:S 11 Sep 2023 17:27:32.525 # MASTER timeout: no data nor PING received...
63655:S 11 Sep 2023 17:27:32.554 # Connection with master lost.
63655:S 11 Sep 2023 17:27:32.554 * Caching the disconnected master state.
63655:S 11 Sep 2023 17:27:32.554 * Reconnecting to MASTER 127.0.0.1:6101
63655:S 11 Sep 2023 17:27:32.558 * MASTER <-> REPLICA sync started
63655:S 11 Sep 2023 17:27:32.560 * Non blocking connect for SYNC fired the event.
63655:S 11 Sep 2023 17:27:32.581 * Master replied to PING, replication can continue...
63655:S 11 Sep 2023 17:27:32.592 * Trying a partial resynchronization (request b6a7558a0512d52e9045a95637078724b5d54d37:995).
63655:S 11 Sep 2023 17:27:32.602 * Successful partial resynchronization with master.
63655:S 11 Sep 2023 17:27:32.603 * MASTER <-> REPLICA sync: Master accepted a Partial Resynchronization.
63655:S 11 Sep 2023 19:28:22.360 # MASTER timeout: no data nor PING received...
63655:S 11 Sep 2023 19:28:22.361 # Connection with master lost.
63655:S 11 Sep 2023 19:28:22.361 * Caching the disconnected master state.
63655:S 11 Sep 2023 19:28:22.361 * Reconnecting to MASTER 127.0.0.1:6101
63655:S 11 Sep 2023 19:28:22.362 * MASTER <-> REPLICA sync started
63655:S 11 Sep 2023 19:28:22.363 * Non blocking connect for SYNC fired the event.
63655:S 11 Sep 2023 19:28:22.363 * Master replied to PING, replication can continue...
63655:S 11 Sep 2023 19:28:22.363 * Trying a partial resynchronization (request b6a7558a0512d52e9045a95637078724b5d54d37:1065).
63655:S 11 Sep 2023 19:28:22.364 * Successful partial resynchronization with master.
63655:S 11 Sep 2023 19:28:22.364 * MASTER <-> REPLICA sync: Master accepted a Partial Resynchronization.
63655:S 11 Sep 2023 20:39:02.976 # MASTER timeout: no data nor PING received...
63655:S 11 Sep 2023 20:39:02.981 # Connection with master lost.
63655:S 11 Sep 2023 20:39:02.981 * Caching the disconnected master state.
63655:S 11 Sep 2023 20:39:02.981 * Reconnecting to MASTER 127.0.0.1:6101
63655:S 11 Sep 2023 20:39:02.990 * MASTER <-> REPLICA sync started
63655:S 11 Sep 2023 20:39:02.994 * Non blocking connect for SYNC fired the event.
63655:S 11 Sep 2023 20:39:02.997 * Master replied to PING, replication can continue...
63655:S 11 Sep 2023 20:39:03.000 * Trying a partial resynchronization (request b6a7558a0512d52e9045a95637078724b5d54d37:1121).
63655:S 11 Sep 2023 20:39:03.003 * Successful partial resynchronization with master.
63655:S 11 Sep 2023 20:39:03.003 * MASTER <-> REPLICA sync: Master accepted a Partial Resynchronization.
63655:S 11 Sep 2023 20:58:35.728 # Connection with master lost.
63655:S 11 Sep 2023 20:58:35.728 * Caching the disconnected master state.
63655:S 11 Sep 2023 20:58:35.728 * Reconnecting to MASTER 127.0.0.1:6101
63655:S 11 Sep 2023 20:58:35.729 * MASTER <-> REPLICA sync started
63655:S 11 Sep 2023 20:58:35.729 * Non blocking connect for SYNC fired the event.
63655:S 11 Sep 2023 20:58:35.731 * Master replied to PING, replication can continue...
63655:S 11 Sep 2023 20:58:35.733 * Trying a partial resynchronization (request b6a7558a0512d52e9045a95637078724b5d54d37:1247).
63655:S 11 Sep 2023 20:58:35.734 * Successful partial resynchronization with master.
63655:S 11 Sep 2023 20:58:35.734 * MASTER <-> REPLICA sync: Master accepted a Partial Resynchronization.
63655:S 11 Sep 2023 21:03:06.450 # MASTER timeout: no data nor PING received...
63655:S 11 Sep 2023 21:03:06.450 # Connection with master lost.
63655:S 11 Sep 2023 21:03:06.450 * Caching the disconnected master state.
63655:S 11 Sep 2023 21:03:06.450 * Reconnecting to MASTER 127.0.0.1:6101
63655:S 11 Sep 2023 21:03:06.450 * MASTER <-> REPLICA sync started
63655:S 11 Sep 2023 21:03:06.450 * Non blocking connect for SYNC fired the event.
63655:S 11 Sep 2023 21:03:06.450 * Master replied to PING, replication can continue...
63655:S 11 Sep 2023 21:03:06.451 * Trying a partial resynchronization (request b6a7558a0512d52e9045a95637078724b5d54d37:1317).
63655:S 11 Sep 2023 21:03:06.451 * Successful partial resynchronization with master.
63655:S 11 Sep 2023 21:03:06.451 * MASTER <-> REPLICA sync: Master accepted a Partial Resynchronization.
63655:S 11 Sep 2023 21:15:46.498 # Connection with master lost.
63655:S 11 Sep 2023 21:15:46.498 * Caching the disconnected master state.
63655:S 11 Sep 2023 21:15:46.499 * Reconnecting to MASTER 127.0.0.1:6101
63655:S 11 Sep 2023 21:15:46.499 * MASTER <-> REPLICA sync started
63655:S 11 Sep 2023 21:15:46.499 * Non blocking connect for SYNC fired the event.
63655:S 11 Sep 2023 21:15:46.505 * Master replied to PING, replication can continue...
63655:S 11 Sep 2023 21:15:46.506 * Trying a partial resynchronization (request b6a7558a0512d52e9045a95637078724b5d54d37:1387).
63655:S 11 Sep 2023 21:15:46.507 * Successful partial resynchronization with master.
63655:S 11 Sep 2023 21:15:46.507 * MASTER <-> REPLICA sync: Master accepted a Partial Resynchronization.
63655:S 11 Sep 2023 22:23:38.546 # MASTER timeout: no data nor PING received...
63655:S 11 Sep 2023 22:23:38.546 # Connection with master lost.
63655:S 11 Sep 2023 22:23:38.546 * Caching the disconnected master state.
63655:S 11 Sep 2023 22:23:38.546 * Reconnecting to MASTER 127.0.0.1:6101
63655:S 11 Sep 2023 22:23:38.546 * MASTER <-> REPLICA sync started
63655:S 11 Sep 2023 22:23:38.547 * Non blocking connect for SYNC fired the event.
63655:S 11 Sep 2023 22:23:38.547 * Master replied to PING, replication can continue...
63655:S 11 Sep 2023 22:23:38.547 * Trying a partial resynchronization (request b6a7558a0512d52e9045a95637078724b5d54d37:1527).
63655:S 11 Sep 2023 22:23:38.547 * Successful partial resynchronization with master.
63655:S 11 Sep 2023 22:23:38.547 * MASTER <-> REPLICA sync: Master accepted a Partial Resynchronization.
63655:S 11 Sep 2023 22:42:42.813 # MASTER timeout: no data nor PING received...
63655:S 11 Sep 2023 22:42:42.813 # Connection with master lost.
63655:S 11 Sep 2023 22:42:42.813 * Caching the disconnected master state.
63655:S 11 Sep 2023 22:42:42.813 * Reconnecting to MASTER 127.0.0.1:6101
63655:S 11 Sep 2023 22:42:42.814 * MASTER <-> REPLICA sync started
63655:S 11 Sep 2023 22:42:42.814 * Non blocking connect for SYNC fired the event.
63655:S 11 Sep 2023 22:42:42.814 * Master replied to PING, replication can continue...
63655:S 11 Sep 2023 22:42:42.814 * Trying a partial resynchronization (request b6a7558a0512d52e9045a95637078724b5d54d37:1625).
63655:S 11 Sep 2023 22:42:42.814 * Successful partial resynchronization with master.
63655:S 11 Sep 2023 22:42:42.814 * MASTER <-> REPLICA sync: Master accepted a Partial Resynchronization.
63655:S 11 Sep 2023 22:50:31.890 # Connection with master lost.
63655:S 11 Sep 2023 22:50:31.891 * Caching the disconnected master state.
63655:S 11 Sep 2023 22:50:31.891 * Reconnecting to MASTER 127.0.0.1:6101
63655:S 11 Sep 2023 22:50:31.891 * MASTER <-> REPLICA sync started
63655:S 11 Sep 2023 22:50:31.891 * Non blocking connect for SYNC fired the event.
63655:S 11 Sep 2023 22:50:31.891 * Master replied to PING, replication can continue...
63655:S 11 Sep 2023 22:50:31.892 * Trying a partial resynchronization (request b6a7558a0512d52e9045a95637078724b5d54d37:1667).
63655:S 11 Sep 2023 22:50:31.893 * Successful partial resynchronization with master.
63655:S 11 Sep 2023 22:50:31.893 * MASTER <-> REPLICA sync: Master accepted a Partial Resynchronization.
63655:S 11 Sep 2023 22:53:19.657 # MASTER timeout: no data nor PING received...
63655:S 11 Sep 2023 22:53:19.658 # Connection with master lost.
63655:S 11 Sep 2023 22:53:19.659 * Caching the disconnected master state.
63655:S 11 Sep 2023 22:53:19.659 * Reconnecting to MASTER 127.0.0.1:6101
63655:S 11 Sep 2023 22:53:19.659 * MASTER <-> REPLICA sync started
63655:S 11 Sep 2023 22:53:19.659 * Non blocking connect for SYNC fired the event.
63655:S 11 Sep 2023 22:53:19.661 * Master replied to PING, replication can continue...
63655:S 11 Sep 2023 22:53:19.662 * Trying a partial resynchronization (request b6a7558a0512d52e9045a95637078724b5d54d37:1807).
63655:S 11 Sep 2023 22:53:19.665 * Successful partial resynchronization with master.
63655:S 11 Sep 2023 22:53:19.665 * MASTER <-> REPLICA sync: Master accepted a Partial Resynchronization.
63655:S 11 Sep 2023 23:02:56.167 # MASTER timeout: no data nor PING received...
63655:S 11 Sep 2023 23:02:56.167 # Connection with master lost.
63655:S 11 Sep 2023 23:02:56.168 * Caching the disconnected master state.
63655:S 11 Sep 2023 23:02:56.168 * Reconnecting to MASTER 127.0.0.1:6101
63655:S 11 Sep 2023 23:02:56.168 * MASTER <-> REPLICA sync started
63655:S 11 Sep 2023 23:02:56.168 * Non blocking connect for SYNC fired the event.
63655:S 11 Sep 2023 23:02:56.169 * Master replied to PING, replication can continue...
63655:S 11 Sep 2023 23:02:56.172 * Trying a partial resynchronization (request b6a7558a0512d52e9045a95637078724b5d54d37:1863).
63655:S 11 Sep 2023 23:02:56.173 * Successful partial resynchronization with master.
63655:S 11 Sep 2023 23:02:56.173 * MASTER <-> REPLICA sync: Master accepted a Partial Resynchronization.
63655:S 11 Sep 2023 23:19:14.568 # MASTER timeout: no data nor PING received...
63655:S 11 Sep 2023 23:19:14.589 # Connection with master lost.
63655:S 11 Sep 2023 23:19:14.589 * Caching the disconnected master state.
63655:S 11 Sep 2023 23:19:14.589 * Reconnecting to MASTER 127.0.0.1:6101
63655:S 11 Sep 2023 23:19:14.590 * MASTER <-> REPLICA sync started
63655:S 11 Sep 2023 23:19:14.590 * Non blocking connect for SYNC fired the event.
63655:S 11 Sep 2023 23:19:14.591 * Master replied to PING, replication can continue...
63655:S 11 Sep 2023 23:19:14.591 * Trying a partial resynchronization (request b6a7558a0512d52e9045a95637078724b5d54d37:1933).
63655:S 11 Sep 2023 23:19:14.592 * Successful partial resynchronization with master.
63655:S 11 Sep 2023 23:19:14.592 * MASTER <-> REPLICA sync: Master accepted a Partial Resynchronization.
63655:S 11 Sep 2023 23:30:27.055 # MASTER timeout: no data nor PING received...
63655:S 11 Sep 2023 23:30:27.055 # Connection with master lost.
63655:S 11 Sep 2023 23:30:27.055 * Caching the disconnected master state.
63655:S 11 Sep 2023 23:30:27.056 * Reconnecting to MASTER 127.0.0.1:6101
63655:S 11 Sep 2023 23:30:27.056 * MASTER <-> REPLICA sync started
63655:S 11 Sep 2023 23:30:27.056 * Non blocking connect for SYNC fired the event.
63655:S 11 Sep 2023 23:30:27.057 * Master replied to PING, replication can continue...
63655:S 11 Sep 2023 23:30:27.057 * Trying a partial resynchronization (request b6a7558a0512d52e9045a95637078724b5d54d37:2003).
63655:S 11 Sep 2023 23:30:27.057 * Successful partial resynchronization with master.
63655:S 11 Sep 2023 23:30:27.057 * MASTER <-> REPLICA sync: Master accepted a Partial Resynchronization.
63655:S 11 Sep 2023 23:38:17.431 # MASTER timeout: no data nor PING received...
63655:S 11 Sep 2023 23:38:17.432 # Connection with master lost.
63655:S 11 Sep 2023 23:38:17.432 * Caching the disconnected master state.
63655:S 11 Sep 2023 23:38:17.432 * Reconnecting to MASTER 127.0.0.1:6101
63655:S 11 Sep 2023 23:38:17.433 * MASTER <-> REPLICA sync started
63655:S 11 Sep 2023 23:38:17.433 * Non blocking connect for SYNC fired the event.
63655:S 11 Sep 2023 23:38:17.434 * Master replied to PING, replication can continue...
63655:S 11 Sep 2023 23:38:17.434 * Trying a partial resynchronization (request b6a7558a0512d52e9045a95637078724b5d54d37:2059).
63655:S 11 Sep 2023 23:38:17.436 * Successful partial resynchronization with master.
63655:S 11 Sep 2023 23:38:17.436 * MASTER <-> REPLICA sync: Master accepted a Partial Resynchronization.
63655:S 11 Sep 2023 23:43:53.875 # MASTER timeout: no data nor PING received...
63655:S 11 Sep 2023 23:43:53.876 # Connection with master lost.
63655:S 11 Sep 2023 23:43:53.876 * Caching the disconnected master state.
63655:S 11 Sep 2023 23:43:53.876 * Reconnecting to MASTER 127.0.0.1:6101
63655:S 11 Sep 2023 23:43:53.877 * MASTER <-> REPLICA sync started
63655:S 11 Sep 2023 23:43:53.877 * Non blocking connect for SYNC fired the event.
63655:S 11 Sep 2023 23:43:53.878 * Master replied to PING, replication can continue...
63655:S 11 Sep 2023 23:43:53.878 * Trying a partial resynchronization (request b6a7558a0512d52e9045a95637078724b5d54d37:2129).
63655:S 11 Sep 2023 23:43:53.879 * Successful partial resynchronization with master.
63655:S 11 Sep 2023 23:43:53.879 * MASTER <-> REPLICA sync: Master accepted a Partial Resynchronization.
63655:S 11 Sep 2023 23:49:31.416 # Connection with master lost.
63655:S 11 Sep 2023 23:49:31.417 * Caching the disconnected master state.
63655:S 11 Sep 2023 23:49:31.417 * Reconnecting to MASTER 127.0.0.1:6101
63655:S 11 Sep 2023 23:49:31.418 * MASTER <-> REPLICA sync started
63655:S 11 Sep 2023 23:49:31.418 * Non blocking connect for SYNC fired the event.
63655:S 11 Sep 2023 23:49:31.419 * Master replied to PING, replication can continue...
63655:S 11 Sep 2023 23:49:31.421 * Trying a partial resynchronization (request b6a7558a0512d52e9045a95637078724b5d54d37:2199).
63655:S 11 Sep 2023 23:49:31.422 * Successful partial resynchronization with master.
63655:S 11 Sep 2023 23:49:31.422 * MASTER <-> REPLICA sync: Master accepted a Partial Resynchronization.
63655:S 11 Sep 2023 23:55:07.612 # MASTER timeout: no data nor PING received...
63655:S 11 Sep 2023 23:55:07.619 # Connection with master lost.
63655:S 11 Sep 2023 23:55:07.619 * Caching the disconnected master state.
63655:S 11 Sep 2023 23:55:07.620 * Reconnecting to MASTER 127.0.0.1:6101
63655:S 11 Sep 2023 23:55:07.638 * MASTER <-> REPLICA sync started
63655:S 11 Sep 2023 23:55:07.638 * Non blocking connect for SYNC fired the event.
63655:S 11 Sep 2023 23:55:07.645 * Master replied to PING, replication can continue...
63655:S 11 Sep 2023 23:55:07.647 * Trying a partial resynchronization (request b6a7558a0512d52e9045a95637078724b5d54d37:2269).
63655:S 11 Sep 2023 23:55:07.667 * Successful partial resynchronization with master.
63655:S 11 Sep 2023 23:55:07.668 * MASTER <-> REPLICA sync: Master accepted a Partial Resynchronization.
63655:S 12 Sep 2023 00:00:46.004 # Connection with master lost.
63655:S 12 Sep 2023 00:00:46.004 * Caching the disconnected master state.
63655:S 12 Sep 2023 00:00:46.004 * Reconnecting to MASTER 127.0.0.1:6101
63655:S 12 Sep 2023 00:00:46.005 * MASTER <-> REPLICA sync started
63655:S 12 Sep 2023 00:00:46.005 * Non blocking connect for SYNC fired the event.
63655:S 12 Sep 2023 00:00:46.006 * Master replied to PING, replication can continue...
63655:S 12 Sep 2023 00:00:46.006 * Trying a partial resynchronization (request b6a7558a0512d52e9045a95637078724b5d54d37:2325).
63655:S 12 Sep 2023 00:00:46.006 * Successful partial resynchronization with master.
63655:S 12 Sep 2023 00:00:46.006 * MASTER <-> REPLICA sync: Master accepted a Partial Resynchronization.
63655:S 12 Sep 2023 00:06:21.388 # MASTER timeout: no data nor PING received...
63655:S 12 Sep 2023 00:06:21.421 # Connection with master lost.
63655:S 12 Sep 2023 00:06:21.421 * Caching the disconnected master state.
63655:S 12 Sep 2023 00:06:21.423 * Reconnecting to MASTER 127.0.0.1:6101
63655:S 12 Sep 2023 00:06:21.426 * MASTER <-> REPLICA sync started
63655:S 12 Sep 2023 00:06:21.431 * Non blocking connect for SYNC fired the event.
63655:S 12 Sep 2023 00:06:21.445 * Master replied to PING, replication can continue...
63655:S 12 Sep 2023 00:06:21.452 * Trying a partial resynchronization (request b6a7558a0512d52e9045a95637078724b5d54d37:2395).
63655:S 12 Sep 2023 00:06:21.464 * Successful partial resynchronization with master.
63655:S 12 Sep 2023 00:06:21.464 * MASTER <-> REPLICA sync: Master accepted a Partial Resynchronization.
63655:S 12 Sep 2023 00:12:00.853 # MASTER timeout: no data nor PING received...
63655:S 12 Sep 2023 00:12:00.854 # Connection with master lost.
63655:S 12 Sep 2023 00:12:00.854 * Caching the disconnected master state.
63655:S 12 Sep 2023 00:12:00.854 * Reconnecting to MASTER 127.0.0.1:6101
63655:S 12 Sep 2023 00:12:00.854 * MASTER <-> REPLICA sync started
63655:S 12 Sep 2023 00:12:00.854 * Non blocking connect for SYNC fired the event.
63655:S 12 Sep 2023 00:12:00.856 * Master replied to PING, replication can continue...
63655:S 12 Sep 2023 00:12:00.856 * Trying a partial resynchronization (request b6a7558a0512d52e9045a95637078724b5d54d37:2465).
63655:S 12 Sep 2023 00:12:00.857 * Successful partial resynchronization with master.
63655:S 12 Sep 2023 00:12:00.857 * MASTER <-> REPLICA sync: Master accepted a Partial Resynchronization.
63655:S 12 Sep 2023 00:17:36.271 # Connection with master lost.
63655:S 12 Sep 2023 00:17:36.272 * Caching the disconnected master state.
63655:S 12 Sep 2023 00:17:36.273 * Reconnecting to MASTER 127.0.0.1:6101
63655:S 12 Sep 2023 00:17:36.277 * MASTER <-> REPLICA sync started
63655:S 12 Sep 2023 00:17:36.278 * Non blocking connect for SYNC fired the event.
63655:S 12 Sep 2023 00:17:36.290 * Master replied to PING, replication can continue...
63655:S 12 Sep 2023 00:17:36.351 * Trying a partial resynchronization (request b6a7558a0512d52e9045a95637078724b5d54d37:2535).
63655:S 12 Sep 2023 00:17:36.453 * Successful partial resynchronization with master.
63655:S 12 Sep 2023 00:17:36.453 * MASTER <-> REPLICA sync: Master accepted a Partial Resynchronization.
63655:S 12 Sep 2023 00:23:12.746 # MASTER timeout: no data nor PING received...
63655:S 12 Sep 2023 00:23:12.747 # Connection with master lost.
63655:S 12 Sep 2023 00:23:12.747 * Caching the disconnected master state.
63655:S 12 Sep 2023 00:23:12.747 * Reconnecting to MASTER 127.0.0.1:6101
63655:S 12 Sep 2023 00:23:12.748 * MASTER <-> REPLICA sync started
63655:S 12 Sep 2023 00:23:12.748 * Non blocking connect for SYNC fired the event.
63655:S 12 Sep 2023 00:23:12.760 * Master replied to PING, replication can continue...
63655:S 12 Sep 2023 00:23:12.761 * Trying a partial resynchronization (request b6a7558a0512d52e9045a95637078724b5d54d37:2591).
63655:S 12 Sep 2023 00:23:12.761 * Successful partial resynchronization with master.
63655:S 12 Sep 2023 00:23:12.761 * MASTER <-> REPLICA sync: Master accepted a Partial Resynchronization.
63655:S 12 Sep 2023 00:28:49.142 # MASTER timeout: no data nor PING received...
63655:S 12 Sep 2023 00:28:49.142 # Connection with master lost.
63655:S 12 Sep 2023 00:28:49.142 * Caching the disconnected master state.
63655:S 12 Sep 2023 00:28:49.142 * Reconnecting to MASTER 127.0.0.1:6101
63655:S 12 Sep 2023 00:28:49.142 * MASTER <-> REPLICA sync started
63655:S 12 Sep 2023 00:28:49.142 * Non blocking connect for SYNC fired the event.
63655:S 12 Sep 2023 00:28:49.143 * Master replied to PING, replication can continue...
63655:S 12 Sep 2023 00:28:49.143 * Trying a partial resynchronization (request b6a7558a0512d52e9045a95637078724b5d54d37:2661).
63655:S 12 Sep 2023 00:28:49.143 * Successful partial resynchronization with master.
63655:S 12 Sep 2023 00:28:49.143 * MASTER <-> REPLICA sync: Master accepted a Partial Resynchronization.
63655:S 12 Sep 2023 00:34:27.667 # MASTER timeout: no data nor PING received...
63655:S 12 Sep 2023 00:34:27.668 # Connection with master lost.
63655:S 12 Sep 2023 00:34:27.668 * Caching the disconnected master state.
63655:S 12 Sep 2023 00:34:27.668 * Reconnecting to MASTER 127.0.0.1:6101
63655:S 12 Sep 2023 00:34:27.668 * MASTER <-> REPLICA sync started
63655:S 12 Sep 2023 00:34:27.669 * Non blocking connect for SYNC fired the event.
63655:S 12 Sep 2023 00:34:27.671 * Master replied to PING, replication can continue...
63655:S 12 Sep 2023 00:34:27.671 * Trying a partial resynchronization (request b6a7558a0512d52e9045a95637078724b5d54d37:2731).
63655:S 12 Sep 2023 00:34:27.671 * Successful partial resynchronization with master.
63655:S 12 Sep 2023 00:34:27.671 * MASTER <-> REPLICA sync: Master accepted a Partial Resynchronization.
63655:S 12 Sep 2023 00:40:04.432 # MASTER timeout: no data nor PING received...
63655:S 12 Sep 2023 00:40:04.501 # Connection with master lost.
63655:S 12 Sep 2023 00:40:04.501 * Caching the disconnected master state.
63655:S 12 Sep 2023 00:40:04.510 * Reconnecting to MASTER 127.0.0.1:6101
63655:S 12 Sep 2023 00:40:04.547 * MASTER <-> REPLICA sync started
63655:S 12 Sep 2023 00:40:04.586 * Non blocking connect for SYNC fired the event.
63655:S 12 Sep 2023 00:40:04.652 * Master replied to PING, replication can continue...
63655:S 12 Sep 2023 00:40:04.660 * Trying a partial resynchronization (request b6a7558a0512d52e9045a95637078724b5d54d37:2801).
63655:S 12 Sep 2023 00:40:04.663 * Successful partial resynchronization with master.
63655:S 12 Sep 2023 00:40:04.663 * MASTER <-> REPLICA sync: Master accepted a Partial Resynchronization.
63655:S 12 Sep 2023 00:45:41.870 # Connection with master lost.
63655:S 12 Sep 2023 00:45:41.871 * Caching the disconnected master state.
63655:S 12 Sep 2023 00:45:41.871 * Reconnecting to MASTER 127.0.0.1:6101
63655:S 12 Sep 2023 00:45:41.872 * MASTER <-> REPLICA sync started
63655:S 12 Sep 2023 00:45:41.872 * Non blocking connect for SYNC fired the event.
63655:S 12 Sep 2023 00:45:41.873 * Master replied to PING, replication can continue...
63655:S 12 Sep 2023 00:45:41.873 * Trying a partial resynchronization (request b6a7558a0512d52e9045a95637078724b5d54d37:2857).
63655:S 12 Sep 2023 00:45:41.874 * Successful partial resynchronization with master.
63655:S 12 Sep 2023 00:45:41.874 * MASTER <-> REPLICA sync: Master accepted a Partial Resynchronization.
63655:S 12 Sep 2023 00:51:18.560 # Connection with master lost.
63655:S 12 Sep 2023 00:51:18.560 * Caching the disconnected master state.
63655:S 12 Sep 2023 00:51:18.561 * Reconnecting to MASTER 127.0.0.1:6101
63655:S 12 Sep 2023 00:51:18.561 * MASTER <-> REPLICA sync started
63655:S 12 Sep 2023 00:51:18.561 * Non blocking connect for SYNC fired the event.
63655:S 12 Sep 2023 00:51:18.562 * Master replied to PING, replication can continue...
63655:S 12 Sep 2023 00:51:18.562 * Trying a partial resynchronization (request b6a7558a0512d52e9045a95637078724b5d54d37:2927).
63655:S 12 Sep 2023 00:51:18.562 * Successful partial resynchronization with master.
63655:S 12 Sep 2023 00:51:18.562 * MASTER <-> REPLICA sync: Master accepted a Partial Resynchronization.
63655:S 12 Sep 2023 00:56:54.998 # MASTER timeout: no data nor PING received...
63655:S 12 Sep 2023 00:56:54.998 # Connection with master lost.
63655:S 12 Sep 2023 00:56:54.998 * Caching the disconnected master state.
63655:S 12 Sep 2023 00:56:54.998 * Reconnecting to MASTER 127.0.0.1:6101
63655:S 12 Sep 2023 00:56:54.999 * MASTER <-> REPLICA sync started
63655:S 12 Sep 2023 00:56:54.999 * Non blocking connect for SYNC fired the event.
63655:S 12 Sep 2023 00:56:54.999 * Master replied to PING, replication can continue...
63655:S 12 Sep 2023 00:56:55.000 * Trying a partial resynchronization (request b6a7558a0512d52e9045a95637078724b5d54d37:2997).
63655:S 12 Sep 2023 00:56:55.001 * Successful partial resynchronization with master.
63655:S 12 Sep 2023 00:56:55.001 * MASTER <-> REPLICA sync: Master accepted a Partial Resynchronization.
63655:S 12 Sep 2023 01:02:30.291 # MASTER timeout: no data nor PING received...
63655:S 12 Sep 2023 01:02:30.310 # Connection with master lost.
63655:S 12 Sep 2023 01:02:30.311 * Caching the disconnected master state.
63655:S 12 Sep 2023 01:02:30.311 * Reconnecting to MASTER 127.0.0.1:6101
63655:S 12 Sep 2023 01:02:30.315 * MASTER <-> REPLICA sync started
63655:S 12 Sep 2023 01:02:30.320 * Non blocking connect for SYNC fired the event.
63655:S 12 Sep 2023 01:02:30.400 * Master replied to PING, replication can continue...
63655:S 12 Sep 2023 01:02:30.463 * Trying a partial resynchronization (request b6a7558a0512d52e9045a95637078724b5d54d37:3053).
63655:S 12 Sep 2023 01:02:30.481 * Successful partial resynchronization with master.
63655:S 12 Sep 2023 01:02:30.484 * MASTER <-> REPLICA sync: Master accepted a Partial Resynchronization.
63655:S 12 Sep 2023 01:08:07.056 # MASTER timeout: no data nor PING received...
63655:S 12 Sep 2023 01:08:07.068 # Connection with master lost.
63655:S 12 Sep 2023 01:08:07.083 * Caching the disconnected master state.
63655:S 12 Sep 2023 01:08:07.085 * Reconnecting to MASTER 127.0.0.1:6101
63655:S 12 Sep 2023 01:08:07.087 * MASTER <-> REPLICA sync started
63655:S 12 Sep 2023 01:08:07.091 * Non blocking connect for SYNC fired the event.
63655:S 12 Sep 2023 01:08:07.094 * Master replied to PING, replication can continue...
63655:S 12 Sep 2023 01:08:07.098 * Trying a partial resynchronization (request b6a7558a0512d52e9045a95637078724b5d54d37:3123).
63655:S 12 Sep 2023 01:08:07.113 * Successful partial resynchronization with master.
63655:S 12 Sep 2023 01:08:07.113 * MASTER <-> REPLICA sync: Master accepted a Partial Resynchronization.
63655:S 12 Sep 2023 01:13:44.530 # MASTER timeout: no data nor PING received...
63655:S 12 Sep 2023 01:13:44.530 # Connection with master lost.
63655:S 12 Sep 2023 01:13:44.530 * Caching the disconnected master state.
63655:S 12 Sep 2023 01:13:44.531 * Reconnecting to MASTER 127.0.0.1:6101
63655:S 12 Sep 2023 01:13:44.531 * MASTER <-> REPLICA sync started
63655:S 12 Sep 2023 01:13:44.531 * Non blocking connect for SYNC fired the event.
63655:S 12 Sep 2023 01:13:44.532 * Master replied to PING, replication can continue...
63655:S 12 Sep 2023 01:13:44.551 * Trying a partial resynchronization (request b6a7558a0512d52e9045a95637078724b5d54d37:3193).
63655:S 12 Sep 2023 01:13:44.551 * Successful partial resynchronization with master.
63655:S 12 Sep 2023 01:13:44.551 * MASTER <-> REPLICA sync: Master accepted a Partial Resynchronization.
63655:S 12 Sep 2023 01:19:21.000 # MASTER timeout: no data nor PING received...
63655:S 12 Sep 2023 01:19:21.038 # Connection with master lost.
63655:S 12 Sep 2023 01:19:21.038 * Caching the disconnected master state.
63655:S 12 Sep 2023 01:19:21.039 * Reconnecting to MASTER 127.0.0.1:6101
63655:S 12 Sep 2023 01:19:21.040 * MASTER <-> REPLICA sync started
63655:S 12 Sep 2023 01:19:21.041 * Non blocking connect for SYNC fired the event.
63655:S 12 Sep 2023 01:19:21.041 * Master replied to PING, replication can continue...
63655:S 12 Sep 2023 01:19:21.042 * Trying a partial resynchronization (request b6a7558a0512d52e9045a95637078724b5d54d37:3249).
63655:S 12 Sep 2023 01:19:21.043 * Successful partial resynchronization with master.
63655:S 12 Sep 2023 01:19:21.043 * MASTER <-> REPLICA sync: Master accepted a Partial Resynchronization.
63655:S 12 Sep 2023 01:24:57.404 # MASTER timeout: no data nor PING received...
63655:S 12 Sep 2023 01:24:57.406 # Connection with master lost.
63655:S 12 Sep 2023 01:24:57.414 * Caching the disconnected master state.
63655:S 12 Sep 2023 01:24:57.414 * Reconnecting to MASTER 127.0.0.1:6101
63655:S 12 Sep 2023 01:24:57.440 * MASTER <-> REPLICA sync started
63655:S 12 Sep 2023 01:24:57.440 * Non blocking connect for SYNC fired the event.
63655:S 12 Sep 2023 01:24:57.489 * Master replied to PING, replication can continue...
63655:S 12 Sep 2023 01:24:57.493 * Trying a partial resynchronization (request b6a7558a0512d52e9045a95637078724b5d54d37:3319).
63655:S 12 Sep 2023 01:24:57.534 * Successful partial resynchronization with master.
63655:S 12 Sep 2023 01:24:57.536 * MASTER <-> REPLICA sync: Master accepted a Partial Resynchronization.
63655:S 12 Sep 2023 01:30:33.860 # Connection with master lost.
63655:S 12 Sep 2023 01:30:33.861 * Caching the disconnected master state.
63655:S 12 Sep 2023 01:30:33.861 * Reconnecting to MASTER 127.0.0.1:6101
63655:S 12 Sep 2023 01:30:33.862 * MASTER <-> REPLICA sync started
63655:S 12 Sep 2023 01:30:33.862 * Non blocking connect for SYNC fired the event.
63655:S 12 Sep 2023 01:30:33.862 * Master replied to PING, replication can continue...
63655:S 12 Sep 2023 01:30:33.862 * Trying a partial resynchronization (request b6a7558a0512d52e9045a95637078724b5d54d37:3389).
63655:S 12 Sep 2023 01:30:33.863 * Successful partial resynchronization with master.
63655:S 12 Sep 2023 01:30:33.863 * MASTER <-> REPLICA sync: Master accepted a Partial Resynchronization.
63655:S 12 Sep 2023 01:36:10.339 # Connection with master lost.
63655:S 12 Sep 2023 01:36:10.339 * Caching the disconnected master state.
63655:S 12 Sep 2023 01:36:10.339 * Reconnecting to MASTER 127.0.0.1:6101
63655:S 12 Sep 2023 01:36:10.340 * MASTER <-> REPLICA sync started
63655:S 12 Sep 2023 01:36:10.340 * Non blocking connect for SYNC fired the event.
63655:S 12 Sep 2023 01:36:10.341 * Master replied to PING, replication can continue...
63655:S 12 Sep 2023 01:36:10.341 * Trying a partial resynchronization (request b6a7558a0512d52e9045a95637078724b5d54d37:3445).
63655:S 12 Sep 2023 01:36:10.341 * Successful partial resynchronization with master.
63655:S 12 Sep 2023 01:36:10.341 * MASTER <-> REPLICA sync: Master accepted a Partial Resynchronization.
63655:S 12 Sep 2023 01:41:46.897 # MASTER timeout: no data nor PING received...
63655:S 12 Sep 2023 01:41:46.898 # Connection with master lost.
63655:S 12 Sep 2023 01:41:46.898 * Caching the disconnected master state.
63655:S 12 Sep 2023 01:41:46.898 * Reconnecting to MASTER 127.0.0.1:6101
63655:S 12 Sep 2023 01:41:46.898 * MASTER <-> REPLICA sync started
63655:S 12 Sep 2023 01:41:46.898 * Non blocking connect for SYNC fired the event.
63655:S 12 Sep 2023 01:41:46.899 * Master replied to PING, replication can continue...
63655:S 12 Sep 2023 01:41:46.900 * Trying a partial resynchronization (request b6a7558a0512d52e9045a95637078724b5d54d37:3515).
63655:S 12 Sep 2023 01:41:46.901 * Successful partial resynchronization with master.
63655:S 12 Sep 2023 01:41:46.901 * MASTER <-> REPLICA sync: Master accepted a Partial Resynchronization.
63655:S 12 Sep 2023 03:42:36.985 # MASTER timeout: no data nor PING received...
63655:S 12 Sep 2023 03:42:36.986 # Connection with master lost.
63655:S 12 Sep 2023 03:42:36.986 * Caching the disconnected master state.
63655:S 12 Sep 2023 03:42:36.986 * Reconnecting to MASTER 127.0.0.1:6101
63655:S 12 Sep 2023 03:42:36.987 * MASTER <-> REPLICA sync started
63655:S 12 Sep 2023 03:42:36.987 * Non blocking connect for SYNC fired the event.
63655:S 12 Sep 2023 03:42:36.987 * Master replied to PING, replication can continue...
63655:S 12 Sep 2023 03:42:36.988 * Trying a partial resynchronization (request b6a7558a0512d52e9045a95637078724b5d54d37:3585).
63655:S 12 Sep 2023 03:42:36.989 * Successful partial resynchronization with master.
63655:S 12 Sep 2023 03:42:36.989 * MASTER <-> REPLICA sync: Master accepted a Partial Resynchronization.
63655:S 12 Sep 2023 05:43:28.010 # MASTER timeout: no data nor PING received...
63655:S 12 Sep 2023 05:43:28.011 # Connection with master lost.
63655:S 12 Sep 2023 05:43:28.011 * Caching the disconnected master state.
63655:S 12 Sep 2023 05:43:28.011 * Reconnecting to MASTER 127.0.0.1:6101
63655:S 12 Sep 2023 05:43:28.011 * MASTER <-> REPLICA sync started
63655:S 12 Sep 2023 05:43:28.011 * Non blocking connect for SYNC fired the event.
63655:S 12 Sep 2023 05:43:28.011 * Master replied to PING, replication can continue...
63655:S 12 Sep 2023 05:43:28.012 * Trying a partial resynchronization (request b6a7558a0512d52e9045a95637078724b5d54d37:3655).
63655:S 12 Sep 2023 05:43:28.013 * Successful partial resynchronization with master.
63655:S 12 Sep 2023 05:43:28.013 * MASTER <-> REPLICA sync: Master accepted a Partial Resynchronization.
63655:S 12 Sep 2023 07:16:02.386 # Connection with master lost.
63655:S 12 Sep 2023 07:16:02.386 * Caching the disconnected master state.
63655:S 12 Sep 2023 07:16:02.386 * Reconnecting to MASTER 127.0.0.1:6101
63655:S 12 Sep 2023 07:16:02.387 * MASTER <-> REPLICA sync started
63655:S 12 Sep 2023 07:16:02.387 * Non blocking connect for SYNC fired the event.
63655:S 12 Sep 2023 07:16:02.387 * Master replied to PING, replication can continue...
63655:S 12 Sep 2023 07:16:02.387 * Trying a partial resynchronization (request b6a7558a0512d52e9045a95637078724b5d54d37:3711).
63655:S 12 Sep 2023 07:16:02.388 * Successful partial resynchronization with master.
63655:S 12 Sep 2023 07:16:02.388 * MASTER <-> REPLICA sync: Master accepted a Partial Resynchronization.
63655:S 12 Sep 2023 08:40:44.118 # MASTER timeout: no data nor PING received...
63655:S 12 Sep 2023 08:40:44.119 # Connection with master lost.
63655:S 12 Sep 2023 08:40:44.119 * Caching the disconnected master state.
63655:S 12 Sep 2023 08:40:44.120 * Reconnecting to MASTER 127.0.0.1:6101
63655:S 12 Sep 2023 08:40:44.121 * MASTER <-> REPLICA sync started
63655:S 12 Sep 2023 08:40:44.121 * Non blocking connect for SYNC fired the event.
63655:S 12 Sep 2023 08:40:44.122 * Master replied to PING, replication can continue...
63655:S 12 Sep 2023 08:40:44.123 * Trying a partial resynchronization (request b6a7558a0512d52e9045a95637078724b5d54d37:3781).
63655:S 12 Sep 2023 08:40:44.124 * Successful partial resynchronization with master.
63655:S 12 Sep 2023 08:40:44.124 * MASTER <-> REPLICA sync: Master accepted a Partial Resynchronization.
63655:S 12 Sep 2023 11:42:37.867 # MASTER timeout: no data nor PING received...
63655:S 12 Sep 2023 11:42:37.868 # Connection with master lost.
63655:S 12 Sep 2023 11:42:37.868 * Caching the disconnected master state.
63655:S 12 Sep 2023 11:42:37.868 * Reconnecting to MASTER 127.0.0.1:6101
63655:S 12 Sep 2023 11:42:37.868 * MASTER <-> REPLICA sync started
63655:S 12 Sep 2023 11:42:37.868 * Non blocking connect for SYNC fired the event.
63655:S 12 Sep 2023 11:42:37.870 * Master replied to PING, replication can continue...
63655:S 12 Sep 2023 11:42:37.870 * Trying a partial resynchronization (request b6a7558a0512d52e9045a95637078724b5d54d37:3865).
63655:S 12 Sep 2023 11:42:37.871 * Successful partial resynchronization with master.
63655:S 12 Sep 2023 11:42:37.871 * MASTER <-> REPLICA sync: Master accepted a Partial Resynchronization.
63655:S 12 Sep 2023 12:06:38.584 # MASTER timeout: no data nor PING received...
63655:S 12 Sep 2023 12:06:38.584 # Connection with master lost.
63655:S 12 Sep 2023 12:06:38.584 * Caching the disconnected master state.
63655:S 12 Sep 2023 12:06:38.584 * Reconnecting to MASTER 127.0.0.1:6101
63655:S 12 Sep 2023 12:06:38.584 * MASTER <-> REPLICA sync started
63655:S 12 Sep 2023 12:06:38.585 * Non blocking connect for SYNC fired the event.
63655:S 12 Sep 2023 12:06:39.075 * Master replied to PING, replication can continue...
63655:S 12 Sep 2023 12:06:39.075 * Trying a partial resynchronization (request b6a7558a0512d52e9045a95637078724b5d54d37:3907).
63655:S 12 Sep 2023 12:06:39.076 * Successful partial resynchronization with master.
63655:S 12 Sep 2023 12:06:39.076 * MASTER <-> REPLICA sync: Master accepted a Partial Resynchronization.
63655:S 12 Sep 2023 12:09:37.773 # Connection with master lost.
63655:S 12 Sep 2023 12:09:37.773 * Caching the disconnected master state.
63655:S 12 Sep 2023 12:09:37.773 * Reconnecting to MASTER 127.0.0.1:6101
63655:S 12 Sep 2023 12:09:37.773 * MASTER <-> REPLICA sync started
63655:S 12 Sep 2023 12:09:37.775 * Non blocking connect for SYNC fired the event.
63655:S 12 Sep 2023 12:09:37.775 * Master replied to PING, replication can continue...
63655:S 12 Sep 2023 12:09:37.775 * Trying a partial resynchronization (request b6a7558a0512d52e9045a95637078724b5d54d37:3977).
63655:S 12 Sep 2023 12:09:37.776 * Successful partial resynchronization with master.
63655:S 12 Sep 2023 12:09:37.776 * MASTER <-> REPLICA sync: Master accepted a Partial Resynchronization.
63655:S 12 Sep 2023 12:23:07.545 # Connection with master lost.
63655:S 12 Sep 2023 12:23:07.545 * Caching the disconnected master state.
63655:S 12 Sep 2023 12:23:07.545 * Reconnecting to MASTER 127.0.0.1:6101
63655:S 12 Sep 2023 12:23:07.545 * MASTER <-> REPLICA sync started
63655:S 12 Sep 2023 12:23:07.545 * Non blocking connect for SYNC fired the event.
63655:S 12 Sep 2023 12:23:07.546 * Master replied to PING, replication can continue...
63655:S 12 Sep 2023 12:23:07.546 * Trying a partial resynchronization (request b6a7558a0512d52e9045a95637078724b5d54d37:4033).
63655:S 12 Sep 2023 12:23:07.546 * Successful partial resynchronization with master.
63655:S 12 Sep 2023 12:23:07.546 * MASTER <-> REPLICA sync: Master accepted a Partial Resynchronization.
63655:S 12 Sep 2023 12:27:17.410 # Connection with master lost.
63655:S 12 Sep 2023 12:27:17.410 * Caching the disconnected master state.
63655:S 12 Sep 2023 12:27:17.411 * Reconnecting to MASTER 127.0.0.1:6101
63655:S 12 Sep 2023 12:27:17.411 * MASTER <-> REPLICA sync started
63655:S 12 Sep 2023 12:27:17.411 * Non blocking connect for SYNC fired the event.
63655:S 12 Sep 2023 12:27:17.412 * Master replied to PING, replication can continue...
63655:S 12 Sep 2023 12:27:17.412 * Trying a partial resynchronization (request b6a7558a0512d52e9045a95637078724b5d54d37:4103).
63655:S 12 Sep 2023 12:27:17.413 * Successful partial resynchronization with master.
63655:S 12 Sep 2023 12:27:17.413 * MASTER <-> REPLICA sync: Master accepted a Partial Resynchronization.
63655:S 12 Sep 2023 12:39:33.938 # Connection with master lost.
63655:S 12 Sep 2023 12:39:33.938 * Caching the disconnected master state.
63655:S 12 Sep 2023 12:39:33.938 * Reconnecting to MASTER 127.0.0.1:6101
63655:S 12 Sep 2023 12:39:33.938 * MASTER <-> REPLICA sync started
63655:S 12 Sep 2023 12:39:33.938 * Non blocking connect for SYNC fired the event.
63655:S 12 Sep 2023 12:39:33.939 * Master replied to PING, replication can continue...
63655:S 12 Sep 2023 12:39:33.939 * Trying a partial resynchronization (request b6a7558a0512d52e9045a95637078724b5d54d37:4173).
63655:S 12 Sep 2023 12:39:33.940 * Successful partial resynchronization with master.
63655:S 12 Sep 2023 12:39:33.940 * MASTER <-> REPLICA sync: Master accepted a Partial Resynchronization.
63655:S 12 Sep 2023 13:25:58.491 # MASTER timeout: no data nor PING received...
63655:S 12 Sep 2023 13:25:58.491 # Connection with master lost.
63655:S 12 Sep 2023 13:25:58.491 * Caching the disconnected master state.
63655:S 12 Sep 2023 13:25:58.491 * Reconnecting to MASTER 127.0.0.1:6101
63655:S 12 Sep 2023 13:25:58.491 * MASTER <-> REPLICA sync started
63655:S 12 Sep 2023 13:25:58.492 * Non blocking connect for SYNC fired the event.
63655:S 12 Sep 2023 13:25:58.496 * Master replied to PING, replication can continue...
63655:S 12 Sep 2023 13:25:58.497 * Trying a partial resynchronization (request b6a7558a0512d52e9045a95637078724b5d54d37:7939).
63655:S 12 Sep 2023 13:25:58.498 * Successful partial resynchronization with master.
63655:S 12 Sep 2023 13:25:58.498 * MASTER <-> REPLICA sync: Master accepted a Partial Resynchronization.
63655:S 12 Sep 2023 15:26:45.452 # MASTER timeout: no data nor PING received...
63655:S 12 Sep 2023 15:26:45.638 # Connection with master lost.
63655:S 12 Sep 2023 15:26:45.638 * Caching the disconnected master state.
63655:S 12 Sep 2023 15:26:45.638 * Reconnecting to MASTER 127.0.0.1:6101
63655:S 12 Sep 2023 15:26:45.639 * MASTER <-> REPLICA sync started
63655:S 12 Sep 2023 15:26:45.640 * Non blocking connect for SYNC fired the event.
63655:S 12 Sep 2023 15:26:45.648 * Master replied to PING, replication can continue...
63655:S 12 Sep 2023 15:26:45.652 * Trying a partial resynchronization (request b6a7558a0512d52e9045a95637078724b5d54d37:8009).
63655:S 12 Sep 2023 15:26:45.660 * Successful partial resynchronization with master.
63655:S 12 Sep 2023 15:26:45.660 * MASTER <-> REPLICA sync: Master accepted a Partial Resynchronization.
63655:S 12 Sep 2023 15:29:02.999 # MASTER timeout: no data nor PING received...
63655:S 12 Sep 2023 15:29:02.999 # Connection with master lost.
63655:S 12 Sep 2023 15:29:02.999 * Caching the disconnected master state.
63655:S 12 Sep 2023 15:29:02.999 * Reconnecting to MASTER 127.0.0.1:6101
63655:S 12 Sep 2023 15:29:02.999 * MASTER <-> REPLICA sync started
63655:S 12 Sep 2023 15:29:02.999 * Non blocking connect for SYNC fired the event.
63655:S 12 Sep 2023 15:29:03.000 * Master replied to PING, replication can continue...
63655:S 12 Sep 2023 15:29:03.000 * Trying a partial resynchronization (request b6a7558a0512d52e9045a95637078724b5d54d37:8079).
63655:S 12 Sep 2023 15:29:03.000 * Successful partial resynchronization with master.
63655:S 12 Sep 2023 15:29:03.000 * MASTER <-> REPLICA sync: Master accepted a Partial Resynchronization.
63655:S 12 Sep 2023 16:24:49.099 # MASTER timeout: no data nor PING received...
63655:S 12 Sep 2023 16:24:49.099 # Connection with master lost.
63655:S 12 Sep 2023 16:24:49.099 * Caching the disconnected master state.
63655:S 12 Sep 2023 16:24:49.099 * Reconnecting to MASTER 127.0.0.1:6101
63655:S 12 Sep 2023 16:24:49.100 * MASTER <-> REPLICA sync started
63655:S 12 Sep 2023 16:24:49.100 * Non blocking connect for SYNC fired the event.
63655:S 12 Sep 2023 16:24:49.101 * Master replied to PING, replication can continue...
63655:S 12 Sep 2023 16:24:49.101 * Trying a partial resynchronization (request b6a7558a0512d52e9045a95637078724b5d54d37:8135).
63655:S 12 Sep 2023 16:24:49.102 * Successful partial resynchronization with master.
63655:S 12 Sep 2023 16:24:49.102 * MASTER <-> REPLICA sync: Master accepted a Partial Resynchronization.
63655:S 12 Sep 2023 18:24:58.404 # MASTER timeout: no data nor PING received...
63655:S 12 Sep 2023 18:24:58.480 # Connection with master lost.
63655:S 12 Sep 2023 18:24:58.480 * Caching the disconnected master state.
63655:S 12 Sep 2023 18:24:58.481 * Reconnecting to MASTER 127.0.0.1:6101
63655:S 12 Sep 2023 18:24:58.618 * MASTER <-> REPLICA sync started
63655:S 12 Sep 2023 18:24:58.621 * Non blocking connect for SYNC fired the event.
63655:S 12 Sep 2023 18:24:58.653 * Master replied to PING, replication can continue...
63655:S 12 Sep 2023 18:24:58.667 * Trying a partial resynchronization (request b6a7558a0512d52e9045a95637078724b5d54d37:8191).
63655:S 12 Sep 2023 18:24:58.672 * Successful partial resynchronization with master.
63655:S 12 Sep 2023 18:24:58.672 * MASTER <-> REPLICA sync: Master accepted a Partial Resynchronization.
63655:S 12 Sep 2023 20:03:02.928 # MASTER timeout: no data nor PING received...
63655:S 12 Sep 2023 20:03:02.928 # Connection with master lost.
63655:S 12 Sep 2023 20:03:02.928 * Caching the disconnected master state.
63655:S 12 Sep 2023 20:03:02.928 * Reconnecting to MASTER 127.0.0.1:6101
63655:S 12 Sep 2023 20:03:02.928 * MASTER <-> REPLICA sync started
63655:S 12 Sep 2023 20:03:02.929 * Non blocking connect for SYNC fired the event.
63655:S 12 Sep 2023 20:03:02.930 * Master replied to PING, replication can continue...
63655:S 12 Sep 2023 20:03:02.931 * Trying a partial resynchronization (request b6a7558a0512d52e9045a95637078724b5d54d37:8261).
63655:S 12 Sep 2023 20:03:02.931 * Successful partial resynchronization with master.
63655:S 12 Sep 2023 20:03:02.931 * MASTER <-> REPLICA sync: Master accepted a Partial Resynchronization.
63655:S 12 Sep 2023 20:42:30.351 # MASTER timeout: no data nor PING received...
63655:S 12 Sep 2023 20:42:30.352 # Connection with master lost.
63655:S 12 Sep 2023 20:42:30.352 * Caching the disconnected master state.
63655:S 12 Sep 2023 20:42:30.352 * Reconnecting to MASTER 127.0.0.1:6101
63655:S 12 Sep 2023 20:42:30.353 * MASTER <-> REPLICA sync started
63655:S 12 Sep 2023 20:42:30.353 * Non blocking connect for SYNC fired the event.
63655:S 12 Sep 2023 20:42:30.354 * Master replied to PING, replication can continue...
63655:S 12 Sep 2023 20:42:30.355 * Trying a partial resynchronization (request b6a7558a0512d52e9045a95637078724b5d54d37:8345).
63655:S 12 Sep 2023 20:42:30.356 * Successful partial resynchronization with master.
63655:S 12 Sep 2023 20:42:30.356 * MASTER <-> REPLICA sync: Master accepted a Partial Resynchronization.
63655:S 12 Sep 2023 20:48:07.013 # MASTER timeout: no data nor PING received...
63655:S 12 Sep 2023 20:48:07.014 # Connection with master lost.
63655:S 12 Sep 2023 20:48:07.014 * Caching the disconnected master state.
63655:S 12 Sep 2023 20:48:07.014 * Reconnecting to MASTER 127.0.0.1:6101
63655:S 12 Sep 2023 20:48:07.015 * MASTER <-> REPLICA sync started
63655:S 12 Sep 2023 20:48:07.015 * Non blocking connect for SYNC fired the event.
63655:S 12 Sep 2023 20:48:07.015 * Master replied to PING, replication can continue...
63655:S 12 Sep 2023 20:48:07.015 * Trying a partial resynchronization (request b6a7558a0512d52e9045a95637078724b5d54d37:8415).
63655:S 12 Sep 2023 20:48:07.015 * Successful partial resynchronization with master.
63655:S 12 Sep 2023 20:48:07.016 * MASTER <-> REPLICA sync: Master accepted a Partial Resynchronization.
63655:S 12 Sep 2023 21:04:25.566 # MASTER timeout: no data nor PING received...
63655:S 12 Sep 2023 21:04:25.567 # Connection with master lost.
63655:S 12 Sep 2023 21:04:25.567 * Caching the disconnected master state.
63655:S 12 Sep 2023 21:04:25.568 * Reconnecting to MASTER 127.0.0.1:6101
63655:S 12 Sep 2023 21:04:25.568 * MASTER <-> REPLICA sync started
63655:S 12 Sep 2023 21:04:25.568 * Non blocking connect for SYNC fired the event.
63655:S 12 Sep 2023 21:04:25.569 * Master replied to PING, replication can continue...
63655:S 12 Sep 2023 21:04:25.570 * Trying a partial resynchronization (request b6a7558a0512d52e9045a95637078724b5d54d37:8471).
63655:S 12 Sep 2023 21:04:25.572 * Successful partial resynchronization with master.
63655:S 12 Sep 2023 21:04:25.572 * MASTER <-> REPLICA sync: Master accepted a Partial Resynchronization.
63655:S 12 Sep 2023 21:15:38.216 # MASTER timeout: no data nor PING received...
63655:S 12 Sep 2023 21:15:38.216 # Connection with master lost.
63655:S 12 Sep 2023 21:15:38.216 * Caching the disconnected master state.
63655:S 12 Sep 2023 21:15:38.216 * Reconnecting to MASTER 127.0.0.1:6101
63655:S 12 Sep 2023 21:15:38.217 * MASTER <-> REPLICA sync started
63655:S 12 Sep 2023 21:15:38.217 * Non blocking connect for SYNC fired the event.
63655:S 12 Sep 2023 21:15:38.219 * Master replied to PING, replication can continue...
63655:S 12 Sep 2023 21:15:38.220 * Trying a partial resynchronization (request b6a7558a0512d52e9045a95637078724b5d54d37:8541).
63655:S 12 Sep 2023 21:15:38.220 * Successful partial resynchronization with master.
63655:S 12 Sep 2023 21:15:38.220 * MASTER <-> REPLICA sync: Master accepted a Partial Resynchronization.
63655:S 12 Sep 2023 21:22:19.159 # MASTER timeout: no data nor PING received...
63655:S 12 Sep 2023 21:22:19.159 # Connection with master lost.
63655:S 12 Sep 2023 21:22:19.159 * Caching the disconnected master state.
63655:S 12 Sep 2023 21:22:19.160 * Reconnecting to MASTER 127.0.0.1:6101
63655:S 12 Sep 2023 21:22:19.160 * MASTER <-> REPLICA sync started
63655:S 12 Sep 2023 21:22:19.160 * Non blocking connect for SYNC fired the event.
63655:S 12 Sep 2023 21:22:19.161 * Master replied to PING, replication can continue...
63655:S 12 Sep 2023 21:22:19.161 * Trying a partial resynchronization (request b6a7558a0512d52e9045a95637078724b5d54d37:8611).
63655:S 12 Sep 2023 21:22:19.161 * Successful partial resynchronization with master.
63655:S 12 Sep 2023 21:22:19.161 * MASTER <-> REPLICA sync: Master accepted a Partial Resynchronization.
