63590:C 11 Sep 2023 13:11:37.495 # oO0OoO0OoO0Oo Redis is starting oO0OoO0OoO0Oo
63590:C 11 Sep 2023 13:11:37.495 # Redis version=6.2.5, bits=64, commit=00000000, modified=0, pid=63590, just started
63590:C 11 Sep 2023 13:11:37.495 # Configuration loaded
63590:M 11 Sep 2023 13:11:37.496 * monotonic clock: POSIX clock_gettime
63590:M 11 Sep 2023 13:11:37.497 * No cluster configuration found, I'm 4f916565cc60435bf8d378db931a91bebfa4fa6c
63590:M 11 Sep 2023 13:11:37.498 * Running mode=cluster, port=6104.
63590:M 11 Sep 2023 13:11:37.498 # Server initialized
63590:M 11 Sep 2023 13:11:37.498 * Ready to accept connections
63590:signal-handler (1694409106) Received SIGINT scheduling shutdown...
63590:M 11 Sep 2023 13:11:46.080 # User requested shutdown...
63590:M 11 Sep 2023 13:11:46.080 * Saving the final RDB snapshot before exiting.
63590:M 11 Sep 2023 13:11:46.081 * DB saved on disk
63590:M 11 Sep 2023 13:11:46.081 # Redis is now ready to exit, bye bye...
63602:C 11 Sep 2023 13:11:48.723 # oO0OoO0OoO0Oo Redis is starting oO0OoO0OoO0Oo
63602:C 11 Sep 2023 13:11:48.723 # Redis version=6.2.5, bits=64, commit=00000000, modified=0, pid=63602, just started
63602:C 11 Sep 2023 13:11:48.723 # Configuration loaded
63602:M 11 Sep 2023 13:11:48.723 * monotonic clock: POSIX clock_gettime
63602:M 11 Sep 2023 13:11:48.724 * Node configuration loaded, I'm 4f916565cc60435bf8d378db931a91bebfa4fa6c
63602:M 11 Sep 2023 13:11:48.724 * Running mode=cluster, port=6104.
63602:M 11 Sep 2023 13:11:48.725 # Server initialized
63602:M 11 Sep 2023 13:11:48.725 * Loading RDB produced by version 6.2.5
63602:M 11 Sep 2023 13:11:48.725 * RDB age 2 seconds
63602:M 11 Sep 2023 13:11:48.725 * RDB memory usage when created 1.47 Mb
63602:M 11 Sep 2023 13:11:48.725 * DB loaded from disk: 0.000 seconds
63602:M 11 Sep 2023 13:11:48.725 * Ready to accept connections
63602:M 11 Sep 2023 13:18:13.562 # configEpoch set to 4 via CLUSTER SET-CONFIG-EPOCH
63602:M 11 Sep 2023 13:18:13.732 # IP address for this node updated to 127.0.0.1
63602:S 11 Sep 2023 13:18:16.573 * Before turning into a replica, using my own master parameters to synthesize a cached master: I may be able to synchronize with the new master with just a partial transfer.
63602:S 11 Sep 2023 13:18:16.573 * Connecting to MASTER 127.0.0.1:6102
63602:S 11 Sep 2023 13:18:16.573 * MASTER <-> REPLICA sync started
63602:S 11 Sep 2023 13:18:16.573 # Cluster state changed: ok
63602:S 11 Sep 2023 13:18:16.574 * Non blocking connect for SYNC fired the event.
63602:S 11 Sep 2023 13:18:16.574 * Master replied to PING, replication can continue...
63602:S 11 Sep 2023 13:18:16.575 * Trying a partial resynchronization (request a3cfcaf2d718517375b4df77a38b2fbbecf8571c:1).
63602:S 11 Sep 2023 13:18:16.576 * Full resync from master: 00f6d34e7b26d9bd8b48a7b764cfd5668eb78182:0
63602:S 11 Sep 2023 13:18:16.577 * Discarding previously cached master state.
63602:S 11 Sep 2023 13:18:16.649 * MASTER <-> REPLICA sync: receiving 175 bytes from master to disk
63602:S 11 Sep 2023 13:18:16.649 * MASTER <-> REPLICA sync: Flushing old data
63602:S 11 Sep 2023 13:18:16.649 * MASTER <-> REPLICA sync: Loading DB in memory
63602:S 11 Sep 2023 13:18:16.650 * Loading RDB produced by version 6.2.5
63602:S 11 Sep 2023 13:18:16.650 * RDB age 0 seconds
63602:S 11 Sep 2023 13:18:16.650 * RDB memory usage when created 2.66 Mb
63602:S 11 Sep 2023 13:18:16.650 * MASTER <-> REPLICA sync: Finished with success
63602:S 11 Sep 2023 13:28:55.790 # Connection with master lost.
63602:S 11 Sep 2023 13:28:55.791 * Caching the disconnected master state.
63602:S 11 Sep 2023 13:28:55.791 * Reconnecting to MASTER 127.0.0.1:6102
63602:S 11 Sep 2023 13:28:55.791 * MASTER <-> REPLICA sync started
63602:S 11 Sep 2023 13:28:55.792 * Non blocking connect for SYNC fired the event.
63602:S 11 Sep 2023 13:28:55.792 * Master replied to PING, replication can continue...
63602:S 11 Sep 2023 13:28:55.793 * Trying a partial resynchronization (request 00f6d34e7b26d9bd8b48a7b764cfd5668eb78182:743).
63602:S 11 Sep 2023 13:28:55.793 * Successful partial resynchronization with master.
63602:S 11 Sep 2023 13:28:55.794 * MASTER <-> REPLICA sync: Master accepted a Partial Resynchronization.
63602:S 11 Sep 2023 13:32:45.924 # Connection with master lost.
63602:S 11 Sep 2023 13:32:45.924 * Caching the disconnected master state.
63602:S 11 Sep 2023 13:32:45.924 * Reconnecting to MASTER 127.0.0.1:6102
63602:S 11 Sep 2023 13:32:45.924 * MASTER <-> REPLICA sync started
63602:S 11 Sep 2023 13:32:45.924 * Non blocking connect for SYNC fired the event.
63602:S 11 Sep 2023 13:32:45.925 * Master replied to PING, replication can continue...
63602:S 11 Sep 2023 13:32:45.926 * Trying a partial resynchronization (request 00f6d34e7b26d9bd8b48a7b764cfd5668eb78182:813).
63602:S 11 Sep 2023 13:32:45.927 * Successful partial resynchronization with master.
63602:S 11 Sep 2023 13:32:45.927 * MASTER <-> REPLICA sync: Master accepted a Partial Resynchronization.
63602:S 11 Sep 2023 14:49:52.386 # Connection with master lost.
63602:S 11 Sep 2023 14:49:52.558 * Caching the disconnected master state.
63602:S 11 Sep 2023 14:49:52.562 * Reconnecting to MASTER 127.0.0.1:6102
63602:S 11 Sep 2023 14:49:52.588 * MASTER <-> REPLICA sync started
63602:S 11 Sep 2023 14:49:52.589 * Non blocking connect for SYNC fired the event.
63602:S 11 Sep 2023 14:49:52.590 * Master replied to PING, replication can continue...
63602:S 11 Sep 2023 14:49:52.590 * Trying a partial resynchronization (request 00f6d34e7b26d9bd8b48a7b764cfd5668eb78182:883).
63602:S 11 Sep 2023 14:49:52.590 * Successful partial resynchronization with master.
63602:S 11 Sep 2023 14:49:52.590 * MASTER <-> REPLICA sync: Master accepted a Partial Resynchronization.
63602:S 11 Sep 2023 15:27:22.239 # Connection with master lost.
63602:S 11 Sep 2023 15:27:22.239 * Caching the disconnected master state.
63602:S 11 Sep 2023 15:27:22.239 * Reconnecting to MASTER 127.0.0.1:6102
63602:S 11 Sep 2023 15:27:22.240 * MASTER <-> REPLICA sync started
63602:S 11 Sep 2023 15:27:22.240 * Non blocking connect for SYNC fired the event.
63602:S 11 Sep 2023 15:27:22.240 * Master replied to PING, replication can continue...
63602:S 11 Sep 2023 15:27:22.241 * Trying a partial resynchronization (request 00f6d34e7b26d9bd8b48a7b764cfd5668eb78182:953).
63602:S 11 Sep 2023 15:27:22.241 * Successful partial resynchronization with master.
63602:S 11 Sep 2023 15:27:22.241 * MASTER <-> REPLICA sync: Master accepted a Partial Resynchronization.
63602:S 11 Sep 2023 17:27:33.323 # Connection with master lost.
63602:S 11 Sep 2023 17:27:33.324 * Caching the disconnected master state.
63602:S 11 Sep 2023 17:27:33.324 * Reconnecting to MASTER 127.0.0.1:6102
63602:S 11 Sep 2023 17:27:33.324 * MASTER <-> REPLICA sync started
63602:S 11 Sep 2023 17:27:33.324 * Non blocking connect for SYNC fired the event.
63602:S 11 Sep 2023 17:27:33.324 * Master replied to PING, replication can continue...
63602:S 11 Sep 2023 17:27:33.325 * Trying a partial resynchronization (request 00f6d34e7b26d9bd8b48a7b764cfd5668eb78182:995).
63602:S 11 Sep 2023 17:27:33.325 * Successful partial resynchronization with master.
63602:S 11 Sep 2023 17:27:33.325 * MASTER <-> REPLICA sync: Master accepted a Partial Resynchronization.
63602:S 11 Sep 2023 19:28:22.106 # MASTER timeout: no data nor PING received...
63602:S 11 Sep 2023 19:28:22.128 # Connection with master lost.
63602:S 11 Sep 2023 19:28:22.128 * Caching the disconnected master state.
63602:S 11 Sep 2023 19:28:22.135 * Reconnecting to MASTER 127.0.0.1:6102
63602:S 11 Sep 2023 19:28:22.135 * MASTER <-> REPLICA sync started
63602:S 11 Sep 2023 19:28:22.152 * Non blocking connect for SYNC fired the event.
63602:S 11 Sep 2023 19:28:22.182 * Master replied to PING, replication can continue...
63602:S 11 Sep 2023 19:28:22.256 * Trying a partial resynchronization (request 00f6d34e7b26d9bd8b48a7b764cfd5668eb78182:1065).
63602:S 11 Sep 2023 19:28:22.328 * Successful partial resynchronization with master.
63602:S 11 Sep 2023 19:28:22.347 * MASTER <-> REPLICA sync: Master accepted a Partial Resynchronization.
63602:S 11 Sep 2023 20:39:03.593 # Connection with master lost.
63602:S 11 Sep 2023 20:39:03.593 * Caching the disconnected master state.
63602:S 11 Sep 2023 20:39:03.593 * Reconnecting to MASTER 127.0.0.1:6102
63602:S 11 Sep 2023 20:39:03.595 * MASTER <-> REPLICA sync started
63602:S 11 Sep 2023 20:39:03.596 * Non blocking connect for SYNC fired the event.
63602:S 11 Sep 2023 20:39:03.596 * Master replied to PING, replication can continue...
63602:S 11 Sep 2023 20:39:03.597 * Trying a partial resynchronization (request 00f6d34e7b26d9bd8b48a7b764cfd5668eb78182:1135).
63602:S 11 Sep 2023 20:39:03.598 * Successful partial resynchronization with master.
63602:S 11 Sep 2023 20:39:03.598 * MASTER <-> REPLICA sync: Master accepted a Partial Resynchronization.
63602:S 11 Sep 2023 20:58:36.231 # Connection with master lost.
63602:S 11 Sep 2023 20:58:36.231 * Caching the disconnected master state.
63602:S 11 Sep 2023 20:58:36.231 * Reconnecting to MASTER 127.0.0.1:6102
63602:S 11 Sep 2023 20:58:36.231 * MASTER <-> REPLICA sync started
63602:S 11 Sep 2023 20:58:36.232 * Non blocking connect for SYNC fired the event.
63602:S 11 Sep 2023 20:58:36.232 * Master replied to PING, replication can continue...
63602:S 11 Sep 2023 20:58:36.233 * Trying a partial resynchronization (request 00f6d34e7b26d9bd8b48a7b764cfd5668eb78182:1247).
63602:S 11 Sep 2023 20:58:36.233 * Successful partial resynchronization with master.
63602:S 11 Sep 2023 20:58:36.233 * MASTER <-> REPLICA sync: Master accepted a Partial Resynchronization.
63602:S 11 Sep 2023 21:03:06.042 # Connection with master lost.
63602:S 11 Sep 2023 21:03:06.042 * Caching the disconnected master state.
63602:S 11 Sep 2023 21:03:06.042 * Reconnecting to MASTER 127.0.0.1:6102
63602:S 11 Sep 2023 21:03:06.042 * MASTER <-> REPLICA sync started
63602:S 11 Sep 2023 21:03:06.042 * Non blocking connect for SYNC fired the event.
63602:S 11 Sep 2023 21:03:06.043 * Master replied to PING, replication can continue...
63602:S 11 Sep 2023 21:03:06.043 * Trying a partial resynchronization (request 00f6d34e7b26d9bd8b48a7b764cfd5668eb78182:1317).
63602:S 11 Sep 2023 21:03:06.043 * Successful partial resynchronization with master.
63602:S 11 Sep 2023 21:03:06.043 * MASTER <-> REPLICA sync: Master accepted a Partial Resynchronization.
63602:S 11 Sep 2023 21:15:47.001 # Connection with master lost.
63602:S 11 Sep 2023 21:15:47.001 * Caching the disconnected master state.
63602:S 11 Sep 2023 21:15:47.001 * Reconnecting to MASTER 127.0.0.1:6102
63602:S 11 Sep 2023 21:15:47.001 * MASTER <-> REPLICA sync started
63602:S 11 Sep 2023 21:15:47.001 * Non blocking connect for SYNC fired the event.
63602:S 11 Sep 2023 21:15:47.002 * Master replied to PING, replication can continue...
63602:S 11 Sep 2023 21:15:47.002 * Trying a partial resynchronization (request 00f6d34e7b26d9bd8b48a7b764cfd5668eb78182:1387).
63602:S 11 Sep 2023 21:15:47.003 * Successful partial resynchronization with master.
63602:S 11 Sep 2023 21:15:47.003 * MASTER <-> REPLICA sync: Master accepted a Partial Resynchronization.
63602:S 11 Sep 2023 22:23:39.247 # Connection with master lost.
63602:S 11 Sep 2023 22:23:39.247 * Caching the disconnected master state.
63602:S 11 Sep 2023 22:23:39.247 * Reconnecting to MASTER 127.0.0.1:6102
63602:S 11 Sep 2023 22:23:39.247 * MASTER <-> REPLICA sync started
63602:S 11 Sep 2023 22:23:39.248 * Non blocking connect for SYNC fired the event.
63602:S 11 Sep 2023 22:23:39.251 * Master replied to PING, replication can continue...
63602:S 11 Sep 2023 22:23:39.253 * Trying a partial resynchronization (request 00f6d34e7b26d9bd8b48a7b764cfd5668eb78182:1527).
63602:S 11 Sep 2023 22:23:39.255 * Successful partial resynchronization with master.
63602:S 11 Sep 2023 22:23:39.255 * MASTER <-> REPLICA sync: Master accepted a Partial Resynchronization.
63602:S 11 Sep 2023 22:42:42.516 # Connection with master lost.
63602:S 11 Sep 2023 22:42:42.516 * Caching the disconnected master state.
63602:S 11 Sep 2023 22:42:42.516 * Reconnecting to MASTER 127.0.0.1:6102
63602:S 11 Sep 2023 22:42:42.516 * MASTER <-> REPLICA sync started
63602:S 11 Sep 2023 22:42:42.516 * Non blocking connect for SYNC fired the event.
63602:S 11 Sep 2023 22:42:42.517 * Master replied to PING, replication can continue...
63602:S 11 Sep 2023 22:42:42.517 * Trying a partial resynchronization (request 00f6d34e7b26d9bd8b48a7b764cfd5668eb78182:1625).
63602:S 11 Sep 2023 22:42:42.518 * Successful partial resynchronization with master.
63602:S 11 Sep 2023 22:42:42.518 * MASTER <-> REPLICA sync: Master accepted a Partial Resynchronization.
63602:S 11 Sep 2023 22:50:31.498 # Connection with master lost.
63602:S 11 Sep 2023 22:50:31.499 * Caching the disconnected master state.
63602:S 11 Sep 2023 22:50:31.499 * Reconnecting to MASTER 127.0.0.1:6102
63602:S 11 Sep 2023 22:50:31.500 * MASTER <-> REPLICA sync started
63602:S 11 Sep 2023 22:50:31.502 * Non blocking connect for SYNC fired the event.
63602:S 11 Sep 2023 22:50:31.505 * Master replied to PING, replication can continue...
63602:S 11 Sep 2023 22:50:31.506 * Trying a partial resynchronization (request 00f6d34e7b26d9bd8b48a7b764cfd5668eb78182:1667).
63602:S 11 Sep 2023 22:50:31.507 * Successful partial resynchronization with master.
63602:S 11 Sep 2023 22:50:31.508 * MASTER <-> REPLICA sync: Master accepted a Partial Resynchronization.
63602:S 11 Sep 2023 22:53:18.373 # MASTER timeout: no data nor PING received...
63602:S 11 Sep 2023 22:53:18.375 # Connection with master lost.
63602:S 11 Sep 2023 22:53:18.375 * Caching the disconnected master state.
63602:S 11 Sep 2023 22:53:18.375 * Reconnecting to MASTER 127.0.0.1:6102
63602:S 11 Sep 2023 22:53:18.375 * MASTER <-> REPLICA sync started
63602:S 11 Sep 2023 22:53:18.376 * Non blocking connect for SYNC fired the event.
63602:S 11 Sep 2023 22:53:18.379 * Master replied to PING, replication can continue...
63602:S 11 Sep 2023 22:53:18.381 * Trying a partial resynchronization (request 00f6d34e7b26d9bd8b48a7b764cfd5668eb78182:1807).
63602:S 11 Sep 2023 22:53:18.382 * Successful partial resynchronization with master.
63602:S 11 Sep 2023 22:53:18.382 * MASTER <-> REPLICA sync: Master accepted a Partial Resynchronization.
63602:S 11 Sep 2023 23:02:56.769 # Connection with master lost.
63602:S 11 Sep 2023 23:02:56.769 * Caching the disconnected master state.
63602:S 11 Sep 2023 23:02:56.769 * Reconnecting to MASTER 127.0.0.1:6102
63602:S 11 Sep 2023 23:02:56.769 * MASTER <-> REPLICA sync started
63602:S 11 Sep 2023 23:02:56.769 * Non blocking connect for SYNC fired the event.
63602:S 11 Sep 2023 23:02:56.770 * Master replied to PING, replication can continue...
63602:S 11 Sep 2023 23:02:56.770 * Trying a partial resynchronization (request 00f6d34e7b26d9bd8b48a7b764cfd5668eb78182:1863).
63602:S 11 Sep 2023 23:02:56.770 * Successful partial resynchronization with master.
63602:S 11 Sep 2023 23:02:56.770 * MASTER <-> REPLICA sync: Master accepted a Partial Resynchronization.
63602:S 11 Sep 2023 23:19:14.258 # MASTER timeout: no data nor PING received...
63602:S 11 Sep 2023 23:19:14.275 # Connection with master lost.
63602:S 11 Sep 2023 23:19:14.285 * Caching the disconnected master state.
63602:S 11 Sep 2023 23:19:14.285 * Reconnecting to MASTER 127.0.0.1:6102
63602:S 11 Sep 2023 23:19:14.286 * MASTER <-> REPLICA sync started
63602:S 11 Sep 2023 23:19:14.294 * Non blocking connect for SYNC fired the event.
63602:S 11 Sep 2023 23:19:14.311 * Master replied to PING, replication can continue...
63602:S 11 Sep 2023 23:19:14.323 * Trying a partial resynchronization (request 00f6d34e7b26d9bd8b48a7b764cfd5668eb78182:1933).
63602:S 11 Sep 2023 23:19:14.332 * Successful partial resynchronization with master.
63602:S 11 Sep 2023 23:19:14.332 * MASTER <-> REPLICA sync: Master accepted a Partial Resynchronization.
63602:S 11 Sep 2023 23:30:26.675 # Connection with master lost.
63602:S 11 Sep 2023 23:30:26.675 * Caching the disconnected master state.
63602:S 11 Sep 2023 23:30:26.676 * Reconnecting to MASTER 127.0.0.1:6102
63602:S 11 Sep 2023 23:30:26.677 * MASTER <-> REPLICA sync started
63602:S 11 Sep 2023 23:30:26.677 * Non blocking connect for SYNC fired the event.
63602:S 11 Sep 2023 23:30:26.679 * Master replied to PING, replication can continue...
63602:S 11 Sep 2023 23:30:26.680 * Trying a partial resynchronization (request 00f6d34e7b26d9bd8b48a7b764cfd5668eb78182:2003).
63602:S 11 Sep 2023 23:30:26.684 * Successful partial resynchronization with master.
63602:S 11 Sep 2023 23:30:26.684 * MASTER <-> REPLICA sync: Master accepted a Partial Resynchronization.
63602:S 11 Sep 2023 23:38:17.029 # Connection with master lost.
63602:S 11 Sep 2023 23:38:17.030 * Caching the disconnected master state.
63602:S 11 Sep 2023 23:38:17.030 * Reconnecting to MASTER 127.0.0.1:6102
63602:S 11 Sep 2023 23:38:17.030 * MASTER <-> REPLICA sync started
63602:S 11 Sep 2023 23:38:17.030 * Non blocking connect for SYNC fired the event.
63602:S 11 Sep 2023 23:38:17.031 * Master replied to PING, replication can continue...
63602:S 11 Sep 2023 23:38:17.031 * Trying a partial resynchronization (request 00f6d34e7b26d9bd8b48a7b764cfd5668eb78182:2059).
63602:S 11 Sep 2023 23:38:17.032 * Successful partial resynchronization with master.
63602:S 11 Sep 2023 23:38:17.032 * MASTER <-> REPLICA sync: Master accepted a Partial Resynchronization.
63602:S 11 Sep 2023 23:43:54.481 # Connection with master lost.
63602:S 11 Sep 2023 23:43:54.481 * Caching the disconnected master state.
63602:S 11 Sep 2023 23:43:54.482 * Reconnecting to MASTER 127.0.0.1:6102
63602:S 11 Sep 2023 23:43:54.482 * MASTER <-> REPLICA sync started
63602:S 11 Sep 2023 23:43:54.482 * Non blocking connect for SYNC fired the event.
63602:S 11 Sep 2023 23:43:54.483 * Master replied to PING, replication can continue...
63602:S 11 Sep 2023 23:43:54.483 * Trying a partial resynchronization (request 00f6d34e7b26d9bd8b48a7b764cfd5668eb78182:2129).
63602:S 11 Sep 2023 23:43:54.485 * Successful partial resynchronization with master.
63602:S 11 Sep 2023 23:43:54.485 * MASTER <-> REPLICA sync: Master accepted a Partial Resynchronization.
63602:S 11 Sep 2023 23:49:31.040 # Connection with master lost.
63602:S 11 Sep 2023 23:49:31.040 * Caching the disconnected master state.
63602:S 11 Sep 2023 23:49:31.040 * Reconnecting to MASTER 127.0.0.1:6102
63602:S 11 Sep 2023 23:49:31.041 * MASTER <-> REPLICA sync started
63602:S 11 Sep 2023 23:49:31.041 * Non blocking connect for SYNC fired the event.
63602:S 11 Sep 2023 23:49:31.041 * Master replied to PING, replication can continue...
63602:S 11 Sep 2023 23:49:31.042 * Trying a partial resynchronization (request 00f6d34e7b26d9bd8b48a7b764cfd5668eb78182:2199).
63602:S 11 Sep 2023 23:49:31.043 * Successful partial resynchronization with master.
63602:S 11 Sep 2023 23:49:31.044 * MASTER <-> REPLICA sync: Master accepted a Partial Resynchronization.
63602:S 11 Sep 2023 23:55:08.217 # Connection with master lost.
63602:S 11 Sep 2023 23:55:08.217 * Caching the disconnected master state.
63602:S 11 Sep 2023 23:55:08.217 * Reconnecting to MASTER 127.0.0.1:6102
63602:S 11 Sep 2023 23:55:08.217 * MASTER <-> REPLICA sync started
63602:S 11 Sep 2023 23:55:08.218 * Non blocking connect for SYNC fired the event.
63602:S 11 Sep 2023 23:55:08.218 * Master replied to PING, replication can continue...
63602:S 11 Sep 2023 23:55:08.218 * Trying a partial resynchronization (request 00f6d34e7b26d9bd8b48a7b764cfd5668eb78182:2269).
63602:S 11 Sep 2023 23:55:08.219 * Successful partial resynchronization with master.
63602:S 11 Sep 2023 23:55:08.219 * MASTER <-> REPLICA sync: Master accepted a Partial Resynchronization.
63602:S 12 Sep 2023 00:00:45.603 # Connection with master lost.
63602:S 12 Sep 2023 00:00:45.604 * Caching the disconnected master state.
63602:S 12 Sep 2023 00:00:45.604 * Reconnecting to MASTER 127.0.0.1:6102
63602:S 12 Sep 2023 00:00:45.604 * MASTER <-> REPLICA sync started
63602:S 12 Sep 2023 00:00:45.604 * Non blocking connect for SYNC fired the event.
63602:S 12 Sep 2023 00:00:45.605 * Master replied to PING, replication can continue...
63602:S 12 Sep 2023 00:00:45.607 * Trying a partial resynchronization (request 00f6d34e7b26d9bd8b48a7b764cfd5668eb78182:2325).
63602:S 12 Sep 2023 00:00:45.607 * Successful partial resynchronization with master.
63602:S 12 Sep 2023 00:00:45.607 * MASTER <-> REPLICA sync: Master accepted a Partial Resynchronization.
63602:S 12 Sep 2023 00:06:22.029 # Connection with master lost.
63602:S 12 Sep 2023 00:06:22.030 * Caching the disconnected master state.
63602:S 12 Sep 2023 00:06:22.030 * Reconnecting to MASTER 127.0.0.1:6102
63602:S 12 Sep 2023 00:06:22.030 * MASTER <-> REPLICA sync started
63602:S 12 Sep 2023 00:06:22.030 * Non blocking connect for SYNC fired the event.
63602:S 12 Sep 2023 00:06:22.031 * Master replied to PING, replication can continue...
63602:S 12 Sep 2023 00:06:22.031 * Trying a partial resynchronization (request 00f6d34e7b26d9bd8b48a7b764cfd5668eb78182:2395).
63602:S 12 Sep 2023 00:06:22.032 * Successful partial resynchronization with master.
63602:S 12 Sep 2023 00:06:22.032 * MASTER <-> REPLICA sync: Master accepted a Partial Resynchronization.
63602:S 12 Sep 2023 00:12:00.443 # MASTER timeout: no data nor PING received...
63602:S 12 Sep 2023 00:12:00.443 # Connection with master lost.
63602:S 12 Sep 2023 00:12:00.443 * Caching the disconnected master state.
63602:S 12 Sep 2023 00:12:00.458 * Reconnecting to MASTER 127.0.0.1:6102
63602:S 12 Sep 2023 00:12:00.476 * MASTER <-> REPLICA sync started
63602:S 12 Sep 2023 00:12:00.477 * Non blocking connect for SYNC fired the event.
63602:S 12 Sep 2023 00:12:00.484 * Master replied to PING, replication can continue...
63602:S 12 Sep 2023 00:12:00.487 * Trying a partial resynchronization (request 00f6d34e7b26d9bd8b48a7b764cfd5668eb78182:2465).
63602:S 12 Sep 2023 00:12:00.489 * Successful partial resynchronization with master.
63602:S 12 Sep 2023 00:12:00.489 * MASTER <-> REPLICA sync: Master accepted a Partial Resynchronization.
63602:S 12 Sep 2023 00:17:36.839 # Connection with master lost.
63602:S 12 Sep 2023 00:17:36.839 * Caching the disconnected master state.
63602:S 12 Sep 2023 00:17:36.839 * Reconnecting to MASTER 127.0.0.1:6102
63602:S 12 Sep 2023 00:17:36.840 * MASTER <-> REPLICA sync started
63602:S 12 Sep 2023 00:17:36.840 * Non blocking connect for SYNC fired the event.
63602:S 12 Sep 2023 00:17:36.840 * Master replied to PING, replication can continue...
63602:S 12 Sep 2023 00:17:36.841 * Trying a partial resynchronization (request 00f6d34e7b26d9bd8b48a7b764cfd5668eb78182:2535).
63602:S 12 Sep 2023 00:17:36.841 * Successful partial resynchronization with master.
63602:S 12 Sep 2023 00:17:36.841 * MASTER <-> REPLICA sync: Master accepted a Partial Resynchronization.
63602:S 12 Sep 2023 00:23:12.354 # MASTER timeout: no data nor PING received...
63602:S 12 Sep 2023 00:23:12.364 # Connection with master lost.
63602:S 12 Sep 2023 00:23:12.372 * Caching the disconnected master state.
63602:S 12 Sep 2023 00:23:12.372 * Reconnecting to MASTER 127.0.0.1:6102
63602:S 12 Sep 2023 00:23:12.372 * MASTER <-> REPLICA sync started
63602:S 12 Sep 2023 00:23:12.374 * Non blocking connect for SYNC fired the event.
63602:S 12 Sep 2023 00:23:12.410 * Master replied to PING, replication can continue...
63602:S 12 Sep 2023 00:23:12.421 * Trying a partial resynchronization (request 00f6d34e7b26d9bd8b48a7b764cfd5668eb78182:2591).
63602:S 12 Sep 2023 00:23:12.429 * Successful partial resynchronization with master.
63602:S 12 Sep 2023 00:23:12.429 * MASTER <-> REPLICA sync: Master accepted a Partial Resynchronization.
63602:S 12 Sep 2023 00:28:48.721 # Connection with master lost.
63602:S 12 Sep 2023 00:28:48.722 * Caching the disconnected master state.
63602:S 12 Sep 2023 00:28:48.722 * Reconnecting to MASTER 127.0.0.1:6102
63602:S 12 Sep 2023 00:28:48.722 * MASTER <-> REPLICA sync started
63602:S 12 Sep 2023 00:28:48.722 * Non blocking connect for SYNC fired the event.
63602:S 12 Sep 2023 00:28:48.724 * Master replied to PING, replication can continue...
63602:S 12 Sep 2023 00:28:48.725 * Trying a partial resynchronization (request 00f6d34e7b26d9bd8b48a7b764cfd5668eb78182:2661).
63602:S 12 Sep 2023 00:28:48.725 * Successful partial resynchronization with master.
63602:S 12 Sep 2023 00:28:48.726 * MASTER <-> REPLICA sync: Master accepted a Partial Resynchronization.
63602:S 12 Sep 2023 00:34:27.263 # Connection with master lost.
63602:S 12 Sep 2023 00:34:27.264 * Caching the disconnected master state.
63602:S 12 Sep 2023 00:34:27.290 * Reconnecting to MASTER 127.0.0.1:6102
63602:S 12 Sep 2023 00:34:27.290 * MASTER <-> REPLICA sync started
63602:S 12 Sep 2023 00:34:27.290 * Non blocking connect for SYNC fired the event.
63602:S 12 Sep 2023 00:34:27.296 * Master replied to PING, replication can continue...
63602:S 12 Sep 2023 00:34:27.297 * Trying a partial resynchronization (request 00f6d34e7b26d9bd8b48a7b764cfd5668eb78182:2731).
63602:S 12 Sep 2023 00:34:27.298 * Successful partial resynchronization with master.
63602:S 12 Sep 2023 00:34:27.298 * MASTER <-> REPLICA sync: Master accepted a Partial Resynchronization.
63602:S 12 Sep 2023 00:40:05.090 # Connection with master lost.
63602:S 12 Sep 2023 00:40:05.090 * Caching the disconnected master state.
63602:S 12 Sep 2023 00:40:05.090 * Reconnecting to MASTER 127.0.0.1:6102
63602:S 12 Sep 2023 00:40:05.090 * MASTER <-> REPLICA sync started
63602:S 12 Sep 2023 00:40:05.090 * Non blocking connect for SYNC fired the event.
63602:S 12 Sep 2023 00:40:05.091 * Master replied to PING, replication can continue...
63602:S 12 Sep 2023 00:40:05.091 * Trying a partial resynchronization (request 00f6d34e7b26d9bd8b48a7b764cfd5668eb78182:2801).
63602:S 12 Sep 2023 00:40:05.091 * Successful partial resynchronization with master.
63602:S 12 Sep 2023 00:40:05.091 * MASTER <-> REPLICA sync: Master accepted a Partial Resynchronization.
63602:S 12 Sep 2023 00:45:41.437 # MASTER timeout: no data nor PING received...
63602:S 12 Sep 2023 00:45:41.485 # Connection with master lost.
63602:S 12 Sep 2023 00:45:41.495 * Caching the disconnected master state.
63602:S 12 Sep 2023 00:45:41.495 * Reconnecting to MASTER 127.0.0.1:6102
63602:S 12 Sep 2023 00:45:41.504 * MASTER <-> REPLICA sync started
63602:S 12 Sep 2023 00:45:41.568 * Non blocking connect for SYNC fired the event.
63602:S 12 Sep 2023 00:45:41.634 * Master replied to PING, replication can continue...
63602:S 12 Sep 2023 00:45:41.644 * Trying a partial resynchronization (request 00f6d34e7b26d9bd8b48a7b764cfd5668eb78182:2857).
63602:S 12 Sep 2023 00:45:41.656 * Successful partial resynchronization with master.
63602:S 12 Sep 2023 00:45:41.656 * MASTER <-> REPLICA sync: Master accepted a Partial Resynchronization.
63602:S 12 Sep 2023 00:51:19.061 # Connection with master lost.
63602:S 12 Sep 2023 00:51:19.061 * Caching the disconnected master state.
63602:S 12 Sep 2023 00:51:19.061 * Reconnecting to MASTER 127.0.0.1:6102
63602:S 12 Sep 2023 00:51:19.062 * MASTER <-> REPLICA sync started
63602:S 12 Sep 2023 00:51:19.062 * Non blocking connect for SYNC fired the event.
63602:S 12 Sep 2023 00:51:19.062 * Master replied to PING, replication can continue...
63602:S 12 Sep 2023 00:51:19.063 * Trying a partial resynchronization (request 00f6d34e7b26d9bd8b48a7b764cfd5668eb78182:2927).
63602:S 12 Sep 2023 00:51:19.063 * Successful partial resynchronization with master.
63602:S 12 Sep 2023 00:51:19.063 * MASTER <-> REPLICA sync: Master accepted a Partial Resynchronization.
63602:S 12 Sep 2023 00:56:54.505 # Connection with master lost.
63602:S 12 Sep 2023 00:56:54.506 * Caching the disconnected master state.
63602:S 12 Sep 2023 00:56:54.506 * Reconnecting to MASTER 127.0.0.1:6102
63602:S 12 Sep 2023 00:56:54.508 * MASTER <-> REPLICA sync started
63602:S 12 Sep 2023 00:56:54.508 * Non blocking connect for SYNC fired the event.
63602:S 12 Sep 2023 00:56:54.529 * Master replied to PING, replication can continue...
63602:S 12 Sep 2023 00:56:54.531 * Trying a partial resynchronization (request 00f6d34e7b26d9bd8b48a7b764cfd5668eb78182:2997).
63602:S 12 Sep 2023 00:56:54.533 * Successful partial resynchronization with master.
63602:S 12 Sep 2023 00:56:54.533 * MASTER <-> REPLICA sync: Master accepted a Partial Resynchronization.
63602:S 12 Sep 2023 01:02:30.813 # Connection with master lost.
63602:S 12 Sep 2023 01:02:30.813 * Caching the disconnected master state.
63602:S 12 Sep 2023 01:02:30.813 * Reconnecting to MASTER 127.0.0.1:6102
63602:S 12 Sep 2023 01:02:30.816 * MASTER <-> REPLICA sync started
63602:S 12 Sep 2023 01:02:30.816 * Non blocking connect for SYNC fired the event.
63602:S 12 Sep 2023 01:02:30.816 * Master replied to PING, replication can continue...
63602:S 12 Sep 2023 01:02:30.816 * Trying a partial resynchronization (request 00f6d34e7b26d9bd8b48a7b764cfd5668eb78182:3053).
63602:S 12 Sep 2023 01:02:30.817 * Successful partial resynchronization with master.
63602:S 12 Sep 2023 01:02:30.817 * MASTER <-> REPLICA sync: Master accepted a Partial Resynchronization.
63602:S 12 Sep 2023 01:08:07.558 # Connection with master lost.
63602:S 12 Sep 2023 01:08:07.559 * Caching the disconnected master state.
63602:S 12 Sep 2023 01:08:07.559 * Reconnecting to MASTER 127.0.0.1:6102
63602:S 12 Sep 2023 01:08:07.559 * MASTER <-> REPLICA sync started
63602:S 12 Sep 2023 01:08:07.559 * Non blocking connect for SYNC fired the event.
63602:S 12 Sep 2023 01:08:07.560 * Master replied to PING, replication can continue...
63602:S 12 Sep 2023 01:08:07.560 * Trying a partial resynchronization (request 00f6d34e7b26d9bd8b48a7b764cfd5668eb78182:3123).
63602:S 12 Sep 2023 01:08:07.561 * Successful partial resynchronization with master.
63602:S 12 Sep 2023 01:08:07.561 * MASTER <-> REPLICA sync: Master accepted a Partial Resynchronization.
63602:S 12 Sep 2023 01:13:44.042 # Connection with master lost.
63602:S 12 Sep 2023 01:13:44.048 * Caching the disconnected master state.
63602:S 12 Sep 2023 01:13:44.048 * Reconnecting to MASTER 127.0.0.1:6102
63602:S 12 Sep 2023 01:13:44.049 * MASTER <-> REPLICA sync started
63602:S 12 Sep 2023 01:13:44.050 * Non blocking connect for SYNC fired the event.
63602:S 12 Sep 2023 01:13:44.050 * Master replied to PING, replication can continue...
63602:S 12 Sep 2023 01:13:44.052 * Trying a partial resynchronization (request 00f6d34e7b26d9bd8b48a7b764cfd5668eb78182:3193).
63602:S 12 Sep 2023 01:13:44.052 * Successful partial resynchronization with master.
63602:S 12 Sep 2023 01:13:44.053 * MASTER <-> REPLICA sync: Master accepted a Partial Resynchronization.
63602:S 12 Sep 2023 01:19:21.508 # Connection with master lost.
63602:S 12 Sep 2023 01:19:21.508 * Caching the disconnected master state.
63602:S 12 Sep 2023 01:19:21.509 * Reconnecting to MASTER 127.0.0.1:6102
63602:S 12 Sep 2023 01:19:21.509 * MASTER <-> REPLICA sync started
63602:S 12 Sep 2023 01:19:21.509 * Non blocking connect for SYNC fired the event.
63602:S 12 Sep 2023 01:19:21.509 * Master replied to PING, replication can continue...
63602:S 12 Sep 2023 01:19:21.509 * Trying a partial resynchronization (request 00f6d34e7b26d9bd8b48a7b764cfd5668eb78182:3249).
63602:S 12 Sep 2023 01:19:21.510 * Successful partial resynchronization with master.
63602:S 12 Sep 2023 01:19:21.510 * MASTER <-> REPLICA sync: Master accepted a Partial Resynchronization.
63602:S 12 Sep 2023 01:24:57.907 # Connection with master lost.
63602:S 12 Sep 2023 01:24:57.908 * Caching the disconnected master state.
63602:S 12 Sep 2023 01:24:57.908 * Reconnecting to MASTER 127.0.0.1:6102
63602:S 12 Sep 2023 01:24:57.908 * MASTER <-> REPLICA sync started
63602:S 12 Sep 2023 01:24:57.908 * Non blocking connect for SYNC fired the event.
63602:S 12 Sep 2023 01:24:57.908 * Master replied to PING, replication can continue...
63602:S 12 Sep 2023 01:24:57.908 * Trying a partial resynchronization (request 00f6d34e7b26d9bd8b48a7b764cfd5668eb78182:3319).
63602:S 12 Sep 2023 01:24:57.909 * Successful partial resynchronization with master.
63602:S 12 Sep 2023 01:24:57.909 * MASTER <-> REPLICA sync: Master accepted a Partial Resynchronization.
63602:S 12 Sep 2023 01:30:33.351 # Connection with master lost.
63602:S 12 Sep 2023 01:30:33.352 * Caching the disconnected master state.
63602:S 12 Sep 2023 01:30:33.352 * Reconnecting to MASTER 127.0.0.1:6102
63602:S 12 Sep 2023 01:30:33.355 * MASTER <-> REPLICA sync started
63602:S 12 Sep 2023 01:30:33.360 * Non blocking connect for SYNC fired the event.
63602:S 12 Sep 2023 01:30:33.372 * Master replied to PING, replication can continue...
63602:S 12 Sep 2023 01:30:33.383 * Trying a partial resynchronization (request 00f6d34e7b26d9bd8b48a7b764cfd5668eb78182:3389).
63602:S 12 Sep 2023 01:30:33.392 * Successful partial resynchronization with master.
63602:S 12 Sep 2023 01:30:33.393 * MASTER <-> REPLICA sync: Master accepted a Partial Resynchronization.
63602:S 12 Sep 2023 01:36:09.939 # MASTER timeout: no data nor PING received...
63602:S 12 Sep 2023 01:36:09.940 # Connection with master lost.
63602:S 12 Sep 2023 01:36:09.940 * Caching the disconnected master state.
63602:S 12 Sep 2023 01:36:09.940 * Reconnecting to MASTER 127.0.0.1:6102
63602:S 12 Sep 2023 01:36:09.941 * MASTER <-> REPLICA sync started
63602:S 12 Sep 2023 01:36:09.941 * Non blocking connect for SYNC fired the event.
63602:S 12 Sep 2023 01:36:09.941 * Master replied to PING, replication can continue...
63602:S 12 Sep 2023 01:36:09.943 * Trying a partial resynchronization (request 00f6d34e7b26d9bd8b48a7b764cfd5668eb78182:3445).
63602:S 12 Sep 2023 01:36:09.944 * Successful partial resynchronization with master.
63602:S 12 Sep 2023 01:36:09.944 * MASTER <-> REPLICA sync: Master accepted a Partial Resynchronization.
63602:S 12 Sep 2023 01:41:46.534 # MASTER timeout: no data nor PING received...
63602:S 12 Sep 2023 01:41:46.550 # Connection with master lost.
63602:S 12 Sep 2023 01:41:46.550 * Caching the disconnected master state.
63602:S 12 Sep 2023 01:41:46.551 * Reconnecting to MASTER 127.0.0.1:6102
63602:S 12 Sep 2023 01:41:46.551 * MASTER <-> REPLICA sync started
63602:S 12 Sep 2023 01:41:46.552 * Non blocking connect for SYNC fired the event.
63602:S 12 Sep 2023 01:41:46.552 * Master replied to PING, replication can continue...
63602:S 12 Sep 2023 01:41:46.553 * Trying a partial resynchronization (request 00f6d34e7b26d9bd8b48a7b764cfd5668eb78182:3515).
63602:S 12 Sep 2023 01:41:46.556 * Successful partial resynchronization with master.
63602:S 12 Sep 2023 01:41:46.556 * MASTER <-> REPLICA sync: Master accepted a Partial Resynchronization.
63602:S 12 Sep 2023 03:42:36.646 # MASTER timeout: no data nor PING received...
63602:S 12 Sep 2023 03:42:36.726 # Connection with master lost.
63602:S 12 Sep 2023 03:42:36.726 * Caching the disconnected master state.
63602:S 12 Sep 2023 03:42:36.734 * Reconnecting to MASTER 127.0.0.1:6102
63602:S 12 Sep 2023 03:42:36.734 * MASTER <-> REPLICA sync started
63602:S 12 Sep 2023 03:42:36.741 * Non blocking connect for SYNC fired the event.
63602:S 12 Sep 2023 03:42:36.883 * Master replied to PING, replication can continue...
63602:S 12 Sep 2023 03:42:36.927 * Trying a partial resynchronization (request 00f6d34e7b26d9bd8b48a7b764cfd5668eb78182:3585).
63602:S 12 Sep 2023 03:42:36.948 * Successful partial resynchronization with master.
63602:S 12 Sep 2023 03:42:36.948 * MASTER <-> REPLICA sync: Master accepted a Partial Resynchronization.
63602:S 12 Sep 2023 05:43:27.687 # MASTER timeout: no data nor PING received...
63602:S 12 Sep 2023 05:43:27.691 # Connection with master lost.
63602:S 12 Sep 2023 05:43:27.691 * Caching the disconnected master state.
63602:S 12 Sep 2023 05:43:27.692 * Reconnecting to MASTER 127.0.0.1:6102
63602:S 12 Sep 2023 05:43:27.692 * MASTER <-> REPLICA sync started
63602:S 12 Sep 2023 05:43:27.705 * Non blocking connect for SYNC fired the event.
63602:S 12 Sep 2023 05:43:27.718 * Master replied to PING, replication can continue...
63602:S 12 Sep 2023 05:43:27.747 * Trying a partial resynchronization (request 00f6d34e7b26d9bd8b48a7b764cfd5668eb78182:3655).
63602:S 12 Sep 2023 05:43:27.758 * Successful partial resynchronization with master.
63602:S 12 Sep 2023 05:43:27.758 * MASTER <-> REPLICA sync: Master accepted a Partial Resynchronization.
63602:S 12 Sep 2023 07:16:02.185 # MASTER timeout: no data nor PING received...
63602:S 12 Sep 2023 07:16:02.185 # Connection with master lost.
63602:S 12 Sep 2023 07:16:02.185 * Caching the disconnected master state.
63602:S 12 Sep 2023 07:16:02.185 * Reconnecting to MASTER 127.0.0.1:6102
63602:S 12 Sep 2023 07:16:02.185 * MASTER <-> REPLICA sync started
63602:S 12 Sep 2023 07:16:02.185 * Non blocking connect for SYNC fired the event.
63602:S 12 Sep 2023 07:16:02.186 * Master replied to PING, replication can continue...
63602:S 12 Sep 2023 07:16:02.186 * Trying a partial resynchronization (request 00f6d34e7b26d9bd8b48a7b764cfd5668eb78182:3711).
63602:S 12 Sep 2023 07:16:02.188 * Successful partial resynchronization with master.
63602:S 12 Sep 2023 07:16:02.188 * MASTER <-> REPLICA sync: Master accepted a Partial Resynchronization.
63602:S 12 Sep 2023 08:40:43.935 # MASTER timeout: no data nor PING received...
63602:S 12 Sep 2023 08:40:43.936 # Connection with master lost.
63602:S 12 Sep 2023 08:40:43.936 * Caching the disconnected master state.
63602:S 12 Sep 2023 08:40:43.936 * Reconnecting to MASTER 127.0.0.1:6102
63602:S 12 Sep 2023 08:40:43.937 * MASTER <-> REPLICA sync started
63602:S 12 Sep 2023 08:40:43.937 * Non blocking connect for SYNC fired the event.
63602:S 12 Sep 2023 08:40:43.938 * Master replied to PING, replication can continue...
63602:S 12 Sep 2023 08:40:43.939 * Trying a partial resynchronization (request 00f6d34e7b26d9bd8b48a7b764cfd5668eb78182:3781).
63602:S 12 Sep 2023 08:40:43.940 * Successful partial resynchronization with master.
63602:S 12 Sep 2023 08:40:43.940 * MASTER <-> REPLICA sync: Master accepted a Partial Resynchronization.
63602:S 12 Sep 2023 11:42:37.778 # MASTER timeout: no data nor PING received...
63602:S 12 Sep 2023 11:42:37.785 # Connection with master lost.
63602:S 12 Sep 2023 11:42:37.785 * Caching the disconnected master state.
63602:S 12 Sep 2023 11:42:37.785 * Reconnecting to MASTER 127.0.0.1:6102
63602:S 12 Sep 2023 11:42:37.786 * MASTER <-> REPLICA sync started
63602:S 12 Sep 2023 11:42:37.786 * Non blocking connect for SYNC fired the event.
63602:S 12 Sep 2023 11:42:37.791 * Master replied to PING, replication can continue...
63602:S 12 Sep 2023 11:42:37.800 * Trying a partial resynchronization (request 00f6d34e7b26d9bd8b48a7b764cfd5668eb78182:3865).
63602:S 12 Sep 2023 11:42:37.804 * Successful partial resynchronization with master.
63602:S 12 Sep 2023 11:42:37.804 * MASTER <-> REPLICA sync: Master accepted a Partial Resynchronization.
63602:S 12 Sep 2023 12:06:38.481 # MASTER timeout: no data nor PING received...
63602:S 12 Sep 2023 12:06:38.481 # Connection with master lost.
63602:S 12 Sep 2023 12:06:38.481 * Caching the disconnected master state.
63602:S 12 Sep 2023 12:06:38.481 * Reconnecting to MASTER 127.0.0.1:6102
63602:S 12 Sep 2023 12:06:38.481 * MASTER <-> REPLICA sync started
63602:S 12 Sep 2023 12:06:38.482 * Non blocking connect for SYNC fired the event.
63602:S 12 Sep 2023 12:06:38.482 * Master replied to PING, replication can continue...
63602:S 12 Sep 2023 12:06:38.482 * Trying a partial resynchronization (request 00f6d34e7b26d9bd8b48a7b764cfd5668eb78182:3907).
63602:S 12 Sep 2023 12:06:39.075 * Successful partial resynchronization with master.
63602:S 12 Sep 2023 12:06:39.075 * MASTER <-> REPLICA sync: Master accepted a Partial Resynchronization.
63602:S 12 Sep 2023 12:09:37.271 # MASTER timeout: no data nor PING received...
63602:S 12 Sep 2023 12:09:37.754 # Connection with master lost.
63602:S 12 Sep 2023 12:09:37.773 * Caching the disconnected master state.
63602:S 12 Sep 2023 12:09:37.773 * Reconnecting to MASTER 127.0.0.1:6102
63602:S 12 Sep 2023 12:09:37.773 * MASTER <-> REPLICA sync started
63602:S 12 Sep 2023 12:09:37.773 * Non blocking connect for SYNC fired the event.
63602:S 12 Sep 2023 12:09:37.775 * Master replied to PING, replication can continue...
63602:S 12 Sep 2023 12:09:37.775 * Trying a partial resynchronization (request 00f6d34e7b26d9bd8b48a7b764cfd5668eb78182:3977).
63602:S 12 Sep 2023 12:09:37.775 * Successful partial resynchronization with master.
63602:S 12 Sep 2023 12:09:37.776 * MASTER <-> REPLICA sync: Master accepted a Partial Resynchronization.
63602:S 12 Sep 2023 12:23:07.540 # MASTER timeout: no data nor PING received...
63602:S 12 Sep 2023 12:23:07.540 # Connection with master lost.
63602:S 12 Sep 2023 12:23:07.541 * Caching the disconnected master state.
63602:S 12 Sep 2023 12:23:07.541 * Reconnecting to MASTER 127.0.0.1:6102
63602:S 12 Sep 2023 12:23:07.541 * MASTER <-> REPLICA sync started
63602:S 12 Sep 2023 12:23:07.542 * Non blocking connect for SYNC fired the event.
63602:S 12 Sep 2023 12:23:07.542 * Master replied to PING, replication can continue...
63602:S 12 Sep 2023 12:23:07.543 * Trying a partial resynchronization (request 00f6d34e7b26d9bd8b48a7b764cfd5668eb78182:4033).
63602:S 12 Sep 2023 12:23:07.544 * Successful partial resynchronization with master.
63602:S 12 Sep 2023 12:23:07.544 * MASTER <-> REPLICA sync: Master accepted a Partial Resynchronization.
63602:S 12 Sep 2023 12:27:17.408 # MASTER timeout: no data nor PING received...
63602:S 12 Sep 2023 12:27:17.408 # Connection with master lost.
63602:S 12 Sep 2023 12:27:17.408 * Caching the disconnected master state.
63602:S 12 Sep 2023 12:27:17.408 * Reconnecting to MASTER 127.0.0.1:6102
63602:S 12 Sep 2023 12:27:17.409 * MASTER <-> REPLICA sync started
63602:S 12 Sep 2023 12:27:17.409 * Non blocking connect for SYNC fired the event.
63602:S 12 Sep 2023 12:27:17.410 * Master replied to PING, replication can continue...
63602:S 12 Sep 2023 12:27:17.411 * Trying a partial resynchronization (request 00f6d34e7b26d9bd8b48a7b764cfd5668eb78182:4089).
63602:S 12 Sep 2023 12:27:17.412 * Successful partial resynchronization with master.
63602:S 12 Sep 2023 12:27:17.413 * MASTER <-> REPLICA sync: Master accepted a Partial Resynchronization.
63602:S 12 Sep 2023 12:39:33.934 # MASTER timeout: no data nor PING received...
63602:S 12 Sep 2023 12:39:33.934 # Connection with master lost.
63602:S 12 Sep 2023 12:39:33.934 * Caching the disconnected master state.
63602:S 12 Sep 2023 12:39:33.934 * Reconnecting to MASTER 127.0.0.1:6102
63602:S 12 Sep 2023 12:39:33.935 * MASTER <-> REPLICA sync started
63602:S 12 Sep 2023 12:39:33.935 * Non blocking connect for SYNC fired the event.
63602:S 12 Sep 2023 12:39:33.937 * Master replied to PING, replication can continue...
63602:S 12 Sep 2023 12:39:33.939 * Trying a partial resynchronization (request 00f6d34e7b26d9bd8b48a7b764cfd5668eb78182:4159).
63602:S 12 Sep 2023 12:39:33.939 * Successful partial resynchronization with master.
63602:S 12 Sep 2023 12:39:33.940 * MASTER <-> REPLICA sync: Master accepted a Partial Resynchronization.
63602:S 12 Sep 2023 13:25:58.491 # MASTER timeout: no data nor PING received...
63602:S 12 Sep 2023 13:25:58.491 # Connection with master lost.
63602:S 12 Sep 2023 13:25:58.491 * Caching the disconnected master state.
63602:S 12 Sep 2023 13:25:58.491 * Reconnecting to MASTER 127.0.0.1:6102
63602:S 12 Sep 2023 13:25:58.491 * MASTER <-> REPLICA sync started
63602:S 12 Sep 2023 13:25:58.492 * Non blocking connect for SYNC fired the event.
63602:S 12 Sep 2023 13:25:58.496 * Master replied to PING, replication can continue...
63602:S 12 Sep 2023 13:25:58.497 * Trying a partial resynchronization (request 00f6d34e7b26d9bd8b48a7b764cfd5668eb78182:7925).
63602:S 12 Sep 2023 13:25:58.498 * Successful partial resynchronization with master.
63602:S 12 Sep 2023 13:25:58.498 * MASTER <-> REPLICA sync: Master accepted a Partial Resynchronization.
63602:S 12 Sep 2023 15:26:45.452 # MASTER timeout: no data nor PING received...
63602:S 12 Sep 2023 15:26:45.637 # Connection with master lost.
63602:S 12 Sep 2023 15:26:45.637 * Caching the disconnected master state.
63602:S 12 Sep 2023 15:26:45.642 * Reconnecting to MASTER 127.0.0.1:6102
63602:S 12 Sep 2023 15:26:45.642 * MASTER <-> REPLICA sync started
63602:S 12 Sep 2023 15:26:45.648 * Non blocking connect for SYNC fired the event.
63602:S 12 Sep 2023 15:26:45.650 * Master replied to PING, replication can continue...
63602:S 12 Sep 2023 15:26:45.656 * Trying a partial resynchronization (request 00f6d34e7b26d9bd8b48a7b764cfd5668eb78182:7995).
63602:S 12 Sep 2023 15:26:45.662 * Successful partial resynchronization with master.
63602:S 12 Sep 2023 15:26:45.662 * MASTER <-> REPLICA sync: Master accepted a Partial Resynchronization.
63602:S 12 Sep 2023 15:29:02.999 # Connection with master lost.
63602:S 12 Sep 2023 15:29:02.999 * Caching the disconnected master state.
63602:S 12 Sep 2023 15:29:02.999 * Reconnecting to MASTER 127.0.0.1:6102
63602:S 12 Sep 2023 15:29:02.999 * MASTER <-> REPLICA sync started
63602:S 12 Sep 2023 15:29:02.999 * Non blocking connect for SYNC fired the event.
63602:S 12 Sep 2023 15:29:03.000 * Master replied to PING, replication can continue...
63602:S 12 Sep 2023 15:29:03.000 * Trying a partial resynchronization (request 00f6d34e7b26d9bd8b48a7b764cfd5668eb78182:8065).
63602:S 12 Sep 2023 15:29:03.000 * Successful partial resynchronization with master.
63602:S 12 Sep 2023 15:29:03.000 * MASTER <-> REPLICA sync: Master accepted a Partial Resynchronization.
63602:S 12 Sep 2023 16:24:49.099 # MASTER timeout: no data nor PING received...
63602:S 12 Sep 2023 16:24:49.099 # Connection with master lost.
63602:S 12 Sep 2023 16:24:49.099 * Caching the disconnected master state.
63602:S 12 Sep 2023 16:24:49.099 * Reconnecting to MASTER 127.0.0.1:6102
63602:S 12 Sep 2023 16:24:49.100 * MASTER <-> REPLICA sync started
63602:S 12 Sep 2023 16:24:49.100 * Non blocking connect for SYNC fired the event.
63602:S 12 Sep 2023 16:24:49.101 * Master replied to PING, replication can continue...
63602:S 12 Sep 2023 16:24:49.101 * Trying a partial resynchronization (request 00f6d34e7b26d9bd8b48a7b764cfd5668eb78182:8135).
63602:S 12 Sep 2023 16:24:49.102 * Successful partial resynchronization with master.
63602:S 12 Sep 2023 16:24:49.102 * MASTER <-> REPLICA sync: Master accepted a Partial Resynchronization.
63602:S 12 Sep 2023 18:24:58.401 # MASTER timeout: no data nor PING received...
63602:S 12 Sep 2023 18:24:58.481 # Connection with master lost.
63602:S 12 Sep 2023 18:24:58.481 * Caching the disconnected master state.
63602:S 12 Sep 2023 18:24:58.481 * Reconnecting to MASTER 127.0.0.1:6102
63602:S 12 Sep 2023 18:24:58.619 * MASTER <-> REPLICA sync started
63602:S 12 Sep 2023 18:24:58.626 * Non blocking connect for SYNC fired the event.
63602:S 12 Sep 2023 18:24:58.659 * Master replied to PING, replication can continue...
63602:S 12 Sep 2023 18:24:58.670 * Trying a partial resynchronization (request 00f6d34e7b26d9bd8b48a7b764cfd5668eb78182:8177).
63602:S 12 Sep 2023 18:24:58.673 * Successful partial resynchronization with master.
63602:S 12 Sep 2023 18:24:58.673 * MASTER <-> REPLICA sync: Master accepted a Partial Resynchronization.
63602:S 12 Sep 2023 20:03:02.924 # MASTER timeout: no data nor PING received...
63602:S 12 Sep 2023 20:03:02.924 # Connection with master lost.
63602:S 12 Sep 2023 20:03:02.924 * Caching the disconnected master state.
63602:S 12 Sep 2023 20:03:02.924 * Reconnecting to MASTER 127.0.0.1:6102
63602:S 12 Sep 2023 20:03:02.925 * MASTER <-> REPLICA sync started
63602:S 12 Sep 2023 20:03:02.925 * Non blocking connect for SYNC fired the event.
63602:S 12 Sep 2023 20:03:02.926 * Master replied to PING, replication can continue...
63602:S 12 Sep 2023 20:03:02.926 * Trying a partial resynchronization (request 00f6d34e7b26d9bd8b48a7b764cfd5668eb78182:8247).
63602:S 12 Sep 2023 20:03:02.926 * Successful partial resynchronization with master.
63602:S 12 Sep 2023 20:03:02.926 * MASTER <-> REPLICA sync: Master accepted a Partial Resynchronization.
63602:S 12 Sep 2023 20:42:30.353 # Connection with master lost.
63602:S 12 Sep 2023 20:42:30.353 * Caching the disconnected master state.
63602:S 12 Sep 2023 20:42:30.353 * Reconnecting to MASTER 127.0.0.1:6102
63602:S 12 Sep 2023 20:42:30.353 * MASTER <-> REPLICA sync started
63602:S 12 Sep 2023 20:42:30.353 * Non blocking connect for SYNC fired the event.
63602:S 12 Sep 2023 20:42:30.354 * Master replied to PING, replication can continue...
63602:S 12 Sep 2023 20:42:30.355 * Trying a partial resynchronization (request 00f6d34e7b26d9bd8b48a7b764cfd5668eb78182:8331).
63602:S 12 Sep 2023 20:42:30.355 * Successful partial resynchronization with master.
63602:S 12 Sep 2023 20:42:30.355 * MASTER <-> REPLICA sync: Master accepted a Partial Resynchronization.
63602:S 12 Sep 2023 20:48:07.000 # MASTER timeout: no data nor PING received...
63602:S 12 Sep 2023 20:48:07.001 # Connection with master lost.
63602:S 12 Sep 2023 20:48:07.001 * Caching the disconnected master state.
63602:S 12 Sep 2023 20:48:07.001 * Reconnecting to MASTER 127.0.0.1:6102
63602:S 12 Sep 2023 20:48:07.002 * MASTER <-> REPLICA sync started
63602:S 12 Sep 2023 20:48:07.002 * Non blocking connect for SYNC fired the event.
63602:S 12 Sep 2023 20:48:07.003 * Master replied to PING, replication can continue...
63602:S 12 Sep 2023 20:48:07.004 * Trying a partial resynchronization (request 00f6d34e7b26d9bd8b48a7b764cfd5668eb78182:8401).
63602:S 12 Sep 2023 20:48:07.007 * Successful partial resynchronization with master.
63602:S 12 Sep 2023 20:48:07.007 * MASTER <-> REPLICA sync: Master accepted a Partial Resynchronization.
63602:S 12 Sep 2023 21:04:25.463 # MASTER timeout: no data nor PING received...
63602:S 12 Sep 2023 21:04:25.464 # Connection with master lost.
63602:S 12 Sep 2023 21:04:25.464 * Caching the disconnected master state.
63602:S 12 Sep 2023 21:04:25.464 * Reconnecting to MASTER 127.0.0.1:6102
63602:S 12 Sep 2023 21:04:25.464 * MASTER <-> REPLICA sync started
63602:S 12 Sep 2023 21:04:25.465 * Non blocking connect for SYNC fired the event.
63602:S 12 Sep 2023 21:04:25.466 * Master replied to PING, replication can continue...
63602:S 12 Sep 2023 21:04:25.466 * Trying a partial resynchronization (request 00f6d34e7b26d9bd8b48a7b764cfd5668eb78182:8457).
63602:S 12 Sep 2023 21:04:25.466 * Successful partial resynchronization with master.
63602:S 12 Sep 2023 21:04:25.466 * MASTER <-> REPLICA sync: Master accepted a Partial Resynchronization.
63602:S 12 Sep 2023 21:15:38.123 # MASTER timeout: no data nor PING received...
63602:S 12 Sep 2023 21:15:38.124 # Connection with master lost.
63602:S 12 Sep 2023 21:15:38.124 * Caching the disconnected master state.
63602:S 12 Sep 2023 21:15:38.124 * Reconnecting to MASTER 127.0.0.1:6102
63602:S 12 Sep 2023 21:15:38.125 * MASTER <-> REPLICA sync started
63602:S 12 Sep 2023 21:15:38.125 * Non blocking connect for SYNC fired the event.
63602:S 12 Sep 2023 21:15:38.126 * Master replied to PING, replication can continue...
63602:S 12 Sep 2023 21:15:38.126 * Trying a partial resynchronization (request 00f6d34e7b26d9bd8b48a7b764cfd5668eb78182:8527).
63602:S 12 Sep 2023 21:15:38.127 * Successful partial resynchronization with master.
63602:S 12 Sep 2023 21:15:38.127 * MASTER <-> REPLICA sync: Master accepted a Partial Resynchronization.
63602:S 12 Sep 2023 21:22:19.056 # MASTER timeout: no data nor PING received...
63602:S 12 Sep 2023 21:22:19.057 # Connection with master lost.
63602:S 12 Sep 2023 21:22:19.057 * Caching the disconnected master state.
63602:S 12 Sep 2023 21:22:19.057 * Reconnecting to MASTER 127.0.0.1:6102
63602:S 12 Sep 2023 21:22:19.057 * MASTER <-> REPLICA sync started
63602:S 12 Sep 2023 21:22:19.057 * Non blocking connect for SYNC fired the event.
63602:S 12 Sep 2023 21:22:19.058 * Master replied to PING, replication can continue...
63602:S 12 Sep 2023 21:22:19.061 * Trying a partial resynchronization (request 00f6d34e7b26d9bd8b48a7b764cfd5668eb78182:8597).
63602:S 12 Sep 2023 21:22:19.062 * Successful partial resynchronization with master.
63602:S 12 Sep 2023 21:22:19.062 * MASTER <-> REPLICA sync: Master accepted a Partial Resynchronization.
