2022-05-15 18:06:28.433 | ERROR    | crawlers.base:crawl:48 - crawler <public.goubanjia.GoubanjiaCrawler object at 0x059C8F70> crawled proxy unsuccessfully, please check if target url is valid or network issue
2022-05-15 18:06:28.517 | ERROR    | crawlers.base:crawl:48 - crawler <public.goubanjia.GoubanjiaCrawler object at 0x05488F90> crawled proxy unsuccessfully, please check if target url is valid or network issue
2022-05-15 18:06:57.153 | ERROR    | crawlers.base:crawl:48 - crawler <public.ip89.Ip89Crawler object at 0x0548B030> crawled proxy unsuccessfully, please check if target url is valid or network issue
2022-05-15 18:06:57.168 | ERROR    | crawlers.base:crawl:48 - crawler <public.ip89.Ip89Crawler object at 0x059C8FF0> crawled proxy unsuccessfully, please check if target url is valid or network issue
2022-05-15 18:07:05.725 | ERROR    | crawlers.base:crawl:48 - crawler <public.kuaidaili.KuaidailiCrawler object at 0x059CC050> crawled proxy unsuccessfully, please check if target url is valid or network issue
2022-05-15 18:07:05.758 | ERROR    | crawlers.base:crawl:48 - crawler <public.kuaidaili.KuaidailiCrawler object at 0x0548B070> crawled proxy unsuccessfully, please check if target url is valid or network issue
2022-05-15 18:09:05.079 | ERROR    | crawlers.base:crawl:48 - crawler <public.goubanjia.GoubanjiaCrawler object at 0x05488F90> crawled proxy unsuccessfully, please check if target url is valid or network issue
2022-05-15 18:09:05.183 | ERROR    | crawlers.base:crawl:48 - crawler <public.goubanjia.GoubanjiaCrawler object at 0x059C8F70> crawled proxy unsuccessfully, please check if target url is valid or network issue
2022-05-15 18:09:26.915 | ERROR    | crawlers.base:crawl:48 - crawler <public.ip89.Ip89Crawler object at 0x0548B030> crawled proxy unsuccessfully, please check if target url is valid or network issue
2022-05-15 18:09:27.007 | ERROR    | crawlers.base:crawl:48 - crawler <public.ip89.Ip89Crawler object at 0x059C8FF0> crawled proxy unsuccessfully, please check if target url is valid or network issue
2022-05-15 18:09:33.996 | ERROR    | crawlers.base:crawl:48 - crawler <public.kuaidaili.KuaidailiCrawler object at 0x0548B070> crawled proxy unsuccessfully, please check if target url is valid or network issue
2022-05-15 18:09:34.103 | ERROR    | crawlers.base:crawl:48 - crawler <public.kuaidaili.KuaidailiCrawler object at 0x059CC050> crawled proxy unsuccessfully, please check if target url is valid or network issue
2022-05-15 18:11:30.481 | ERROR    | crawlers.base:crawl:48 - crawler <public.goubanjia.GoubanjiaCrawler object at 0x05488F90> crawled proxy unsuccessfully, please check if target url is valid or network issue
2022-05-15 18:11:30.669 | ERROR    | crawlers.base:crawl:48 - crawler <public.goubanjia.GoubanjiaCrawler object at 0x059C8F70> crawled proxy unsuccessfully, please check if target url is valid or network issue
2022-05-15 18:11:52.051 | ERROR    | crawlers.base:crawl:48 - crawler <public.ip89.Ip89Crawler object at 0x0548B030> crawled proxy unsuccessfully, please check if target url is valid or network issue
2022-05-15 18:11:52.262 | ERROR    | crawlers.base:crawl:48 - crawler <public.ip89.Ip89Crawler object at 0x059C8FF0> crawled proxy unsuccessfully, please check if target url is valid or network issue
2022-05-15 18:11:59.063 | ERROR    | crawlers.base:crawl:48 - crawler <public.kuaidaili.KuaidailiCrawler object at 0x0548B070> crawled proxy unsuccessfully, please check if target url is valid or network issue
2022-05-15 18:11:59.110 | ERROR    | crawlers.base:crawl:48 - crawler <public.kuaidaili.KuaidailiCrawler object at 0x059CC050> crawled proxy unsuccessfully, please check if target url is valid or network issue
2022-05-15 18:13:55.690 | ERROR    | crawlers.base:crawl:48 - crawler <public.goubanjia.GoubanjiaCrawler object at 0x059C8F70> crawled proxy unsuccessfully, please check if target url is valid or network issue
2022-05-15 18:13:55.695 | ERROR    | crawlers.base:crawl:48 - crawler <public.goubanjia.GoubanjiaCrawler object at 0x05488F90> crawled proxy unsuccessfully, please check if target url is valid or network issue
2022-05-15 18:14:17.744 | ERROR    | crawlers.base:crawl:48 - crawler <public.ip89.Ip89Crawler object at 0x0548B030> crawled proxy unsuccessfully, please check if target url is valid or network issue
2022-05-15 18:14:25.049 | ERROR    | crawlers.base:crawl:48 - crawler <public.kuaidaili.KuaidailiCrawler object at 0x0548B070> crawled proxy unsuccessfully, please check if target url is valid or network issue
2022-05-15 18:14:29.582 | ERROR    | crawlers.base:crawl:48 - crawler <public.ip89.Ip89Crawler object at 0x059C8FF0> crawled proxy unsuccessfully, please check if target url is valid or network issue
2022-05-15 18:14:36.383 | ERROR    | crawlers.base:crawl:48 - crawler <public.kuaidaili.KuaidailiCrawler object at 0x059CC050> crawled proxy unsuccessfully, please check if target url is valid or network issue
2022-05-15 18:16:21.564 | ERROR    | crawlers.base:crawl:48 - crawler <public.goubanjia.GoubanjiaCrawler object at 0x05488F90> crawled proxy unsuccessfully, please check if target url is valid or network issue
2022-05-15 18:16:33.224 | ERROR    | crawlers.base:crawl:48 - crawler <public.goubanjia.GoubanjiaCrawler object at 0x059C8F70> crawled proxy unsuccessfully, please check if target url is valid or network issue
2022-05-15 18:16:39.117 | ERROR    | crawlers.base:crawl:48 - crawler <public.ip3366.IP3366Crawler object at 0x05488FF0> crawled proxy unsuccessfully, please check if target url is valid or network issue
2022-05-15 18:16:43.338 | ERROR    | crawlers.base:crawl:48 - crawler <public.ip89.Ip89Crawler object at 0x0548B030> crawled proxy unsuccessfully, please check if target url is valid or network issue
2022-05-15 18:16:52.045 | ERROR    | crawlers.base:crawl:48 - crawler <public.kuaidaili.KuaidailiCrawler object at 0x0548B070> crawled proxy unsuccessfully, please check if target url is valid or network issue
2022-05-15 18:17:20.552 | ERROR    | crawlers.base:crawl:48 - crawler <public.ip89.Ip89Crawler object at 0x059C8FF0> crawled proxy unsuccessfully, please check if target url is valid or network issue
2022-05-15 18:17:29.024 | ERROR    | crawlers.base:crawl:48 - crawler <public.kuaidaili.KuaidailiCrawler object at 0x059CC050> crawled proxy unsuccessfully, please check if target url is valid or network issue
2022-05-15 18:18:48.660 | ERROR    | crawlers.base:crawl:48 - crawler <public.goubanjia.GoubanjiaCrawler object at 0x05488F90> crawled proxy unsuccessfully, please check if target url is valid or network issue
2022-05-15 18:19:11.504 | ERROR    | crawlers.base:crawl:48 - crawler <public.ip89.Ip89Crawler object at 0x0548B030> crawled proxy unsuccessfully, please check if target url is valid or network issue
2022-05-15 18:19:18.636 | ERROR    | crawlers.base:crawl:48 - crawler <public.kuaidaili.KuaidailiCrawler object at 0x0548B070> crawled proxy unsuccessfully, please check if target url is valid or network issue
2022-05-15 18:19:25.518 | ERROR    | crawlers.base:crawl:48 - crawler <public.goubanjia.GoubanjiaCrawler object at 0x059C8F70> crawled proxy unsuccessfully, please check if target url is valid or network issue
2022-05-15 18:19:47.113 | ERROR    | crawlers.base:crawl:48 - crawler <public.ip89.Ip89Crawler object at 0x059C8FF0> crawled proxy unsuccessfully, please check if target url is valid or network issue
2022-05-15 18:19:53.935 | ERROR    | crawlers.base:crawl:48 - crawler <public.kuaidaili.KuaidailiCrawler object at 0x059CC050> crawled proxy unsuccessfully, please check if target url is valid or network issue
2022-05-15 18:21:15.159 | ERROR    | crawlers.base:crawl:48 - crawler <public.goubanjia.GoubanjiaCrawler object at 0x05488F90> crawled proxy unsuccessfully, please check if target url is valid or network issue
2022-05-15 18:21:50.469 | ERROR    | crawlers.base:crawl:48 - crawler <public.goubanjia.GoubanjiaCrawler object at 0x059C8F70> crawled proxy unsuccessfully, please check if target url is valid or network issue
2022-05-15 18:23:01.968 | ERROR    | crawlers.base:crawl:48 - crawler <public.ip89.Ip89Crawler object at 0x0548B030> crawled proxy unsuccessfully, please check if target url is valid or network issue
2022-05-15 18:23:08.812 | ERROR    | crawlers.base:crawl:48 - crawler <public.kuaidaili.KuaidailiCrawler object at 0x0548B070> crawled proxy unsuccessfully, please check if target url is valid or network issue
2022-05-15 18:23:16.425 | ERROR    | crawlers.base:crawl:48 - crawler <public.ip89.Ip89Crawler object at 0x059C8FF0> crawled proxy unsuccessfully, please check if target url is valid or network issue
2022-05-15 18:23:32.364 | ERROR    | crawlers.base:crawl:48 - crawler <public.kuaidaili.KuaidailiCrawler object at 0x059CC050> crawled proxy unsuccessfully, please check if target url is valid or network issue
2022-05-15 18:25:05.229 | ERROR    | crawlers.base:crawl:48 - crawler <public.goubanjia.GoubanjiaCrawler object at 0x05488F90> crawled proxy unsuccessfully, please check if target url is valid or network issue
2022-05-15 18:25:28.434 | ERROR    | crawlers.base:crawl:48 - crawler <public.goubanjia.GoubanjiaCrawler object at 0x059C8F70> crawled proxy unsuccessfully, please check if target url is valid or network issue
2022-05-15 18:25:29.061 | ERROR    | crawlers.base:crawl:48 - crawler <public.ip89.Ip89Crawler object at 0x0548B030> crawled proxy unsuccessfully, please check if target url is valid or network issue
2022-05-15 18:25:36.073 | ERROR    | crawlers.base:crawl:48 - crawler <public.kuaidaili.KuaidailiCrawler object at 0x0548B070> crawled proxy unsuccessfully, please check if target url is valid or network issue
2022-05-15 18:25:50.408 | ERROR    | crawlers.base:crawl:48 - crawler <public.ip89.Ip89Crawler object at 0x059C8FF0> crawled proxy unsuccessfully, please check if target url is valid or network issue
2022-05-15 18:25:57.332 | ERROR    | crawlers.base:crawl:48 - crawler <public.kuaidaili.KuaidailiCrawler object at 0x059CC050> crawled proxy unsuccessfully, please check if target url is valid or network issue
2022-05-15 18:27:32.379 | ERROR    | crawlers.base:crawl:48 - crawler <public.goubanjia.GoubanjiaCrawler object at 0x05488F90> crawled proxy unsuccessfully, please check if target url is valid or network issue
2022-05-15 18:27:53.322 | ERROR    | crawlers.base:crawl:48 - crawler <public.goubanjia.GoubanjiaCrawler object at 0x059C8F70> crawled proxy unsuccessfully, please check if target url is valid or network issue
2022-05-15 18:28:13.992 | ERROR    | crawlers.base:crawl:48 - crawler <public.ip89.Ip89Crawler object at 0x0548B030> crawled proxy unsuccessfully, please check if target url is valid or network issue
2022-05-15 18:28:20.427 | ERROR    | crawlers.base:crawl:48 - crawler <public.ip89.Ip89Crawler object at 0x059C8FF0> crawled proxy unsuccessfully, please check if target url is valid or network issue
2022-05-15 18:28:23.161 | ERROR    | crawlers.base:crawl:48 - crawler <public.kuaidaili.KuaidailiCrawler object at 0x0548B070> crawled proxy unsuccessfully, please check if target url is valid or network issue
2022-05-15 18:28:30.826 | ERROR    | crawlers.base:crawl:48 - crawler <public.kuaidaili.KuaidailiCrawler object at 0x059CC050> crawled proxy unsuccessfully, please check if target url is valid or network issue
2022-05-15 18:30:19.492 | ERROR    | crawlers.base:crawl:48 - crawler <public.goubanjia.GoubanjiaCrawler object at 0x05488F90> crawled proxy unsuccessfully, please check if target url is valid or network issue
2022-05-15 18:30:26.763 | ERROR    | crawlers.base:crawl:48 - crawler <public.goubanjia.GoubanjiaCrawler object at 0x059C8F70> crawled proxy unsuccessfully, please check if target url is valid or network issue
2022-05-15 18:30:41.296 | ERROR    | crawlers.base:crawl:48 - crawler <public.ip89.Ip89Crawler object at 0x0548B030> crawled proxy unsuccessfully, please check if target url is valid or network issue
2022-05-15 18:30:48.687 | ERROR    | crawlers.base:crawl:48 - crawler <public.ip89.Ip89Crawler object at 0x059C8FF0> crawled proxy unsuccessfully, please check if target url is valid or network issue
2022-05-15 18:30:49.007 | ERROR    | crawlers.base:crawl:48 - crawler <public.kuaidaili.KuaidailiCrawler object at 0x0548B070> crawled proxy unsuccessfully, please check if target url is valid or network issue
2022-05-15 18:30:55.972 | ERROR    | crawlers.base:crawl:48 - crawler <public.kuaidaili.KuaidailiCrawler object at 0x059CC050> crawled proxy unsuccessfully, please check if target url is valid or network issue
2022-05-15 18:32:45.370 | ERROR    | crawlers.base:crawl:48 - crawler <public.goubanjia.GoubanjiaCrawler object at 0x05488F90> crawled proxy unsuccessfully, please check if target url is valid or network issue
2022-05-15 18:32:51.851 | ERROR    | crawlers.base:crawl:48 - crawler <public.goubanjia.GoubanjiaCrawler object at 0x059C8F70> crawled proxy unsuccessfully, please check if target url is valid or network issue
2022-05-15 18:33:55.253 | ERROR    | crawlers.base:crawl:48 - crawler <public.ip89.Ip89Crawler object at 0x0548B030> crawled proxy unsuccessfully, please check if target url is valid or network issue
2022-05-15 18:34:02.340 | ERROR    | crawlers.base:crawl:48 - crawler <public.kuaidaili.KuaidailiCrawler object at 0x0548B070> crawled proxy unsuccessfully, please check if target url is valid or network issue
2022-05-15 18:34:10.509 | ERROR    | crawlers.base:crawl:48 - crawler <public.ip89.Ip89Crawler object at 0x059C8FF0> crawled proxy unsuccessfully, please check if target url is valid or network issue
2022-05-15 18:34:19.003 | ERROR    | crawlers.base:crawl:48 - crawler <public.kuaidaili.KuaidailiCrawler object at 0x059CC050> crawled proxy unsuccessfully, please check if target url is valid or network issue
2022-05-15 18:35:59.094 | ERROR    | crawlers.base:crawl:48 - crawler <public.goubanjia.GoubanjiaCrawler object at 0x05488F90> crawled proxy unsuccessfully, please check if target url is valid or network issue
2022-05-15 18:36:15.125 | ERROR    | crawlers.base:crawl:48 - crawler <public.goubanjia.GoubanjiaCrawler object at 0x059C8F70> crawled proxy unsuccessfully, please check if target url is valid or network issue
2022-05-15 18:36:22.062 | ERROR    | crawlers.base:crawl:48 - crawler <public.ip89.Ip89Crawler object at 0x0548B030> crawled proxy unsuccessfully, please check if target url is valid or network issue
2022-05-15 18:36:28.791 | ERROR    | crawlers.base:crawl:48 - crawler <public.kuaidaili.KuaidailiCrawler object at 0x0548B070> crawled proxy unsuccessfully, please check if target url is valid or network issue
2022-05-15 18:36:36.424 | ERROR    | crawlers.base:crawl:48 - crawler <public.ip89.Ip89Crawler object at 0x059C8FF0> crawled proxy unsuccessfully, please check if target url is valid or network issue
2022-05-15 18:36:43.187 | ERROR    | crawlers.base:crawl:48 - crawler <public.kuaidaili.KuaidailiCrawler object at 0x059CC050> crawled proxy unsuccessfully, please check if target url is valid or network issue
2022-05-15 18:38:00.166 | ERROR    | crawlers.base:crawl:48 - crawler <public.goubanjia.GoubanjiaCrawler object at 0x05519F70> crawled proxy unsuccessfully, please check if target url is valid or network issue
2022-05-15 18:38:02.059 | ERROR    | crawlers.base:crawl:48 - crawler <public.goubanjia.GoubanjiaCrawler object at 0x04F7C030> crawled proxy unsuccessfully, please check if target url is valid or network issue
2022-05-15 18:38:22.595 | ERROR    | crawlers.base:crawl:48 - crawler <public.ip89.Ip89Crawler object at 0x05519FF0> crawled proxy unsuccessfully, please check if target url is valid or network issue
2022-05-15 18:38:24.015 | ERROR    | crawlers.base:crawl:48 - crawler <public.ip89.Ip89Crawler object at 0x04F7C0B0> crawled proxy unsuccessfully, please check if target url is valid or network issue
2022-05-15 18:38:29.596 | ERROR    | crawlers.base:crawl:48 - crawler <public.kuaidaili.KuaidailiCrawler object at 0x0551B050> crawled proxy unsuccessfully, please check if target url is valid or network issue
2022-05-15 18:38:30.997 | ERROR    | crawlers.base:crawl:48 - crawler <public.kuaidaili.KuaidailiCrawler object at 0x04F7C0F0> crawled proxy unsuccessfully, please check if target url is valid or network issue
2022-05-15 18:39:09.464 | ERROR    | crawlers.base:crawl:48 - crawler <public.goubanjia.GoubanjiaCrawler object at 0x05968D90> crawled proxy unsuccessfully, please check if target url is valid or network issue
2022-05-15 18:39:10.556 | ERROR    | crawlers.base:crawl:48 - crawler <public.goubanjia.GoubanjiaCrawler object at 0x058C9D70> crawled proxy unsuccessfully, please check if target url is valid or network issue
2022-05-15 18:39:32.080 | ERROR    | crawlers.base:crawl:48 - crawler <public.ip89.Ip89Crawler object at 0x05968E10> crawled proxy unsuccessfully, please check if target url is valid or network issue
2022-05-15 18:39:32.806 | ERROR    | crawlers.base:crawl:48 - crawler <public.ip89.Ip89Crawler object at 0x058C9DF0> crawled proxy unsuccessfully, please check if target url is valid or network issue
2022-05-15 18:39:38.894 | ERROR    | crawlers.base:crawl:48 - crawler <public.kuaidaili.KuaidailiCrawler object at 0x05968E50> crawled proxy unsuccessfully, please check if target url is valid or network issue
2022-05-15 18:39:39.739 | ERROR    | crawlers.base:crawl:48 - crawler <public.kuaidaili.KuaidailiCrawler object at 0x058C9E30> crawled proxy unsuccessfully, please check if target url is valid or network issue
2022-05-15 18:41:35.216 | ERROR    | crawlers.base:crawl:48 - crawler <public.goubanjia.GoubanjiaCrawler object at 0x05968D90> crawled proxy unsuccessfully, please check if target url is valid or network issue
2022-05-15 18:41:36.018 | ERROR    | crawlers.base:crawl:48 - crawler <public.goubanjia.GoubanjiaCrawler object at 0x058C9D70> crawled proxy unsuccessfully, please check if target url is valid or network issue
2022-05-15 18:41:58.163 | ERROR    | crawlers.base:crawl:48 - crawler <public.ip89.Ip89Crawler object at 0x05968E10> crawled proxy unsuccessfully, please check if target url is valid or network issue
2022-05-15 18:41:58.205 | ERROR    | crawlers.base:crawl:48 - crawler <public.ip89.Ip89Crawler object at 0x058C9DF0> crawled proxy unsuccessfully, please check if target url is valid or network issue
2022-05-15 18:42:05.686 | ERROR    | crawlers.base:crawl:48 - crawler <public.kuaidaili.KuaidailiCrawler object at 0x058C9E30> crawled proxy unsuccessfully, please check if target url is valid or network issue
2022-05-15 18:42:05.752 | ERROR    | crawlers.base:crawl:48 - crawler <public.kuaidaili.KuaidailiCrawler object at 0x05968E50> crawled proxy unsuccessfully, please check if target url is valid or network issue
2022-05-15 18:44:07.139 | ERROR    | crawlers.base:crawl:48 - crawler <public.goubanjia.GoubanjiaCrawler object at 0x058C9D70> crawled proxy unsuccessfully, please check if target url is valid or network issue
2022-05-15 18:44:10.382 | ERROR    | crawlers.base:crawl:48 - crawler <public.goubanjia.GoubanjiaCrawler object at 0x05968D90> crawled proxy unsuccessfully, please check if target url is valid or network issue
2022-05-15 18:44:32.492 | ERROR    | crawlers.base:crawl:48 - crawler <public.ip89.Ip89Crawler object at 0x058C9DF0> crawled proxy unsuccessfully, please check if target url is valid or network issue
2022-05-15 18:44:35.591 | ERROR    | crawlers.base:crawl:48 - crawler <public.ip89.Ip89Crawler object at 0x05968E10> crawled proxy unsuccessfully, please check if target url is valid or network issue
2022-05-15 18:44:40.047 | ERROR    | crawlers.base:crawl:48 - crawler <public.kuaidaili.KuaidailiCrawler object at 0x058C9E30> crawled proxy unsuccessfully, please check if target url is valid or network issue
2022-05-15 18:44:43.604 | ERROR    | crawlers.base:crawl:48 - crawler <public.kuaidaili.KuaidailiCrawler object at 0x05968E50> crawled proxy unsuccessfully, please check if target url is valid or network issue
2022-05-15 18:46:36.369 | ERROR    | crawlers.base:crawl:48 - crawler <public.goubanjia.GoubanjiaCrawler object at 0x058C9D70> crawled proxy unsuccessfully, please check if target url is valid or network issue
2022-05-15 18:46:40.254 | ERROR    | crawlers.base:crawl:48 - crawler <public.goubanjia.GoubanjiaCrawler object at 0x05968D90> crawled proxy unsuccessfully, please check if target url is valid or network issue
2022-05-15 18:46:59.938 | ERROR    | crawlers.base:crawl:48 - crawler <public.ip89.Ip89Crawler object at 0x058C9DF0> crawled proxy unsuccessfully, please check if target url is valid or network issue
2022-05-15 18:47:03.057 | ERROR    | crawlers.base:crawl:48 - crawler <public.ip89.Ip89Crawler object at 0x05968E10> crawled proxy unsuccessfully, please check if target url is valid or network issue
2022-05-15 18:47:06.819 | ERROR    | crawlers.base:crawl:48 - crawler <public.kuaidaili.KuaidailiCrawler object at 0x058C9E30> crawled proxy unsuccessfully, please check if target url is valid or network issue
2022-05-15 18:47:10.349 | ERROR    | crawlers.base:crawl:48 - crawler <public.kuaidaili.KuaidailiCrawler object at 0x05968E50> crawled proxy unsuccessfully, please check if target url is valid or network issue
2022-05-15 18:49:03.607 | ERROR    | crawlers.base:crawl:48 - crawler <public.goubanjia.GoubanjiaCrawler object at 0x058C9D70> crawled proxy unsuccessfully, please check if target url is valid or network issue
2022-05-15 18:49:06.993 | ERROR    | crawlers.base:crawl:48 - crawler <public.goubanjia.GoubanjiaCrawler object at 0x05968D90> crawled proxy unsuccessfully, please check if target url is valid or network issue
2022-05-15 18:50:08.941 | ERROR    | crawlers.base:crawl:48 - crawler <public.ip89.Ip89Crawler object at 0x05968E10> crawled proxy unsuccessfully, please check if target url is valid or network issue
2022-05-15 18:50:15.924 | ERROR    | crawlers.base:crawl:48 - crawler <public.kuaidaili.KuaidailiCrawler object at 0x05968E50> crawled proxy unsuccessfully, please check if target url is valid or network issue
2022-05-15 18:50:30.374 | ERROR    | crawlers.base:crawl:48 - crawler <public.ip89.Ip89Crawler object at 0x058C9DF0> crawled proxy unsuccessfully, please check if target url is valid or network issue
2022-05-15 18:50:37.521 | ERROR    | crawlers.base:crawl:48 - crawler <public.kuaidaili.KuaidailiCrawler object at 0x058C9E30> crawled proxy unsuccessfully, please check if target url is valid or network issue
2022-05-15 18:52:13.644 | ERROR    | crawlers.base:crawl:48 - crawler <public.goubanjia.GoubanjiaCrawler object at 0x05968D90> crawled proxy unsuccessfully, please check if target url is valid or network issue
2022-05-15 18:52:34.299 | ERROR    | crawlers.base:crawl:48 - crawler <public.goubanjia.GoubanjiaCrawler object at 0x058C9D70> crawled proxy unsuccessfully, please check if target url is valid or network issue
2022-05-15 18:52:36.425 | ERROR    | crawlers.base:crawl:48 - crawler <public.ip89.Ip89Crawler object at 0x05968E10> crawled proxy unsuccessfully, please check if target url is valid or network issue
2022-05-15 18:52:43.631 | ERROR    | crawlers.base:crawl:48 - crawler <public.kuaidaili.KuaidailiCrawler object at 0x05968E50> crawled proxy unsuccessfully, please check if target url is valid or network issue
2022-05-15 18:52:55.949 | ERROR    | crawlers.base:crawl:48 - crawler <public.ip89.Ip89Crawler object at 0x058C9DF0> crawled proxy unsuccessfully, please check if target url is valid or network issue
2022-05-15 18:53:02.786 | ERROR    | crawlers.base:crawl:48 - crawler <public.kuaidaili.KuaidailiCrawler object at 0x058C9E30> crawled proxy unsuccessfully, please check if target url is valid or network issue
2022-05-15 18:54:40.693 | ERROR    | crawlers.base:crawl:48 - crawler <public.goubanjia.GoubanjiaCrawler object at 0x05968D90> crawled proxy unsuccessfully, please check if target url is valid or network issue
2022-05-15 18:54:59.857 | ERROR    | crawlers.base:crawl:48 - crawler <public.goubanjia.GoubanjiaCrawler object at 0x058C9D70> crawled proxy unsuccessfully, please check if target url is valid or network issue
2022-05-15 18:55:03.873 | ERROR    | crawlers.base:crawl:48 - crawler <public.ip89.Ip89Crawler object at 0x05968E10> crawled proxy unsuccessfully, please check if target url is valid or network issue
2022-05-15 18:55:11.458 | ERROR    | crawlers.base:crawl:48 - crawler <public.kuaidaili.KuaidailiCrawler object at 0x05968E50> crawled proxy unsuccessfully, please check if target url is valid or network issue
2022-05-15 18:55:23.318 | ERROR    | crawlers.base:crawl:48 - crawler <public.ip89.Ip89Crawler object at 0x058C9DF0> crawled proxy unsuccessfully, please check if target url is valid or network issue
2022-05-15 18:55:30.224 | ERROR    | crawlers.base:crawl:48 - crawler <public.kuaidaili.KuaidailiCrawler object at 0x058C9E30> crawled proxy unsuccessfully, please check if target url is valid or network issue
2022-05-15 18:57:09.657 | ERROR    | crawlers.base:crawl:48 - crawler <public.goubanjia.GoubanjiaCrawler object at 0x05968D90> crawled proxy unsuccessfully, please check if target url is valid or network issue
2022-05-15 18:57:27.809 | ERROR    | crawlers.base:crawl:48 - crawler <public.goubanjia.GoubanjiaCrawler object at 0x058C9D70> crawled proxy unsuccessfully, please check if target url is valid or network issue
2022-05-15 18:57:32.959 | ERROR    | crawlers.base:crawl:48 - crawler <public.ip89.Ip89Crawler object at 0x05968E10> crawled proxy unsuccessfully, please check if target url is valid or network issue
2022-05-15 18:57:40.492 | ERROR    | crawlers.base:crawl:48 - crawler <public.kuaidaili.KuaidailiCrawler object at 0x05968E50> crawled proxy unsuccessfully, please check if target url is valid or network issue
2022-05-15 18:57:50.626 | ERROR    | crawlers.base:crawl:48 - crawler <public.ip89.Ip89Crawler object at 0x058C9DF0> crawled proxy unsuccessfully, please check if target url is valid or network issue
2022-05-15 18:57:57.539 | ERROR    | crawlers.base:crawl:48 - crawler <public.kuaidaili.KuaidailiCrawler object at 0x058C9E30> crawled proxy unsuccessfully, please check if target url is valid or network issue
2022-05-15 18:59:38.099 | ERROR    | crawlers.base:crawl:48 - crawler <public.goubanjia.GoubanjiaCrawler object at 0x05968D90> crawled proxy unsuccessfully, please check if target url is valid or network issue
2022-05-15 18:59:54.443 | ERROR    | crawlers.base:crawl:48 - crawler <public.goubanjia.GoubanjiaCrawler object at 0x058C9D70> crawled proxy unsuccessfully, please check if target url is valid or network issue
2022-05-15 19:00:02.537 | ERROR    | crawlers.base:crawl:48 - crawler <public.ip89.Ip89Crawler object at 0x05968E10> crawled proxy unsuccessfully, please check if target url is valid or network issue
2022-05-15 19:00:12.676 | ERROR    | crawlers.base:crawl:48 - crawler <public.kuaidaili.KuaidailiCrawler object at 0x05968E50> crawled proxy unsuccessfully, please check if target url is valid or network issue
2022-05-15 19:00:23.604 | ERROR    | crawlers.base:crawl:48 - crawler <public.ip89.Ip89Crawler object at 0x058C9DF0> crawled proxy unsuccessfully, please check if target url is valid or network issue
2022-05-15 19:00:34.847 | ERROR    | crawlers.base:crawl:48 - crawler <public.kuaidaili.KuaidailiCrawler object at 0x058C9E30> crawled proxy unsuccessfully, please check if target url is valid or network issue
2022-05-15 19:02:09.927 | ERROR    | crawlers.base:crawl:48 - crawler <public.goubanjia.GoubanjiaCrawler object at 0x05968D90> crawled proxy unsuccessfully, please check if target url is valid or network issue
2022-05-15 19:02:32.177 | ERROR    | crawlers.base:crawl:48 - crawler <public.goubanjia.GoubanjiaCrawler object at 0x058C9D70> crawled proxy unsuccessfully, please check if target url is valid or network issue
2022-05-15 19:02:54.342 | ERROR    | crawlers.base:crawl:48 - crawler <public.ip3366.IP3366Crawler object at 0x05968DF0> crawled proxy unsuccessfully, please check if target url is valid or network issue
2022-05-15 19:02:58.552 | ERROR    | crawlers.base:crawl:48 - crawler <public.ip89.Ip89Crawler object at 0x05968E10> crawled proxy unsuccessfully, please check if target url is valid or network issue
2022-05-15 19:03:05.761 | ERROR    | crawlers.base:crawl:48 - crawler <public.kuaidaili.KuaidailiCrawler object at 0x05968E50> crawled proxy unsuccessfully, please check if target url is valid or network issue
2022-05-15 19:03:40.354 | ERROR    | crawlers.base:crawl:48 - crawler <public.ip3366.IP3366Crawler object at 0x058C9DD0> crawled proxy unsuccessfully, please check if target url is valid or network issue
2022-05-15 19:03:44.552 | ERROR    | crawlers.base:crawl:48 - crawler <public.ip89.Ip89Crawler object at 0x058C9DF0> crawled proxy unsuccessfully, please check if target url is valid or network issue
2022-05-15 19:03:51.883 | ERROR    | crawlers.base:crawl:48 - crawler <public.kuaidaili.KuaidailiCrawler object at 0x058C9E30> crawled proxy unsuccessfully, please check if target url is valid or network issue
2022-05-15 19:05:04.345 | ERROR    | crawlers.base:crawl:48 - crawler <public.goubanjia.GoubanjiaCrawler object at 0x05968D90> crawled proxy unsuccessfully, please check if target url is valid or network issue
2022-05-15 19:05:51.575 | ERROR    | crawlers.base:crawl:48 - crawler <public.goubanjia.GoubanjiaCrawler object at 0x058C9D70> crawled proxy unsuccessfully, please check if target url is valid or network issue
2022-05-15 19:06:00.719 | ERROR    | crawlers.base:crawl:48 - crawler <public.ip89.Ip89Crawler object at 0x05968E10> crawled proxy unsuccessfully, please check if target url is valid or network issue
2022-05-15 19:06:12.201 | ERROR    | crawlers.base:crawl:48 - crawler <public.kuaidaili.KuaidailiCrawler object at 0x05968E50> crawled proxy unsuccessfully, please check if target url is valid or network issue
2022-05-15 19:06:13.966 | ERROR    | crawlers.base:crawl:48 - crawler <public.ip89.Ip89Crawler object at 0x058C9DF0> crawled proxy unsuccessfully, please check if target url is valid or network issue
2022-05-15 19:06:21.746 | ERROR    | crawlers.base:crawl:48 - crawler <public.kuaidaili.KuaidailiCrawler object at 0x058C9E30> crawled proxy unsuccessfully, please check if target url is valid or network issue
2022-05-15 19:08:10.080 | ERROR    | crawlers.base:crawl:48 - crawler <public.goubanjia.GoubanjiaCrawler object at 0x05968D90> crawled proxy unsuccessfully, please check if target url is valid or network issue
2022-05-15 19:08:19.306 | ERROR    | crawlers.base:crawl:48 - crawler <public.goubanjia.GoubanjiaCrawler object at 0x058C9D70> crawled proxy unsuccessfully, please check if target url is valid or network issue
2022-05-15 19:08:33.672 | ERROR    | crawlers.base:crawl:48 - crawler <public.ip89.Ip89Crawler object at 0x05968E10> crawled proxy unsuccessfully, please check if target url is valid or network issue
2022-05-15 19:08:40.737 | ERROR    | crawlers.base:crawl:48 - crawler <public.kuaidaili.KuaidailiCrawler object at 0x05968E50> crawled proxy unsuccessfully, please check if target url is valid or network issue
2022-05-15 19:08:42.134 | ERROR    | crawlers.base:crawl:48 - crawler <public.ip89.Ip89Crawler object at 0x058C9DF0> crawled proxy unsuccessfully, please check if target url is valid or network issue
2022-05-15 19:08:49.169 | ERROR    | crawlers.base:crawl:48 - crawler <public.kuaidaili.KuaidailiCrawler object at 0x058C9E30> crawled proxy unsuccessfully, please check if target url is valid or network issue
2022-05-15 19:10:39.320 | ERROR    | crawlers.base:crawl:48 - crawler <public.goubanjia.GoubanjiaCrawler object at 0x05968D90> crawled proxy unsuccessfully, please check if target url is valid or network issue
2022-05-15 19:10:46.559 | ERROR    | crawlers.base:crawl:48 - crawler <public.goubanjia.GoubanjiaCrawler object at 0x058C9D70> crawled proxy unsuccessfully, please check if target url is valid or network issue
2022-05-15 19:11:02.580 | ERROR    | crawlers.base:crawl:48 - crawler <public.ip89.Ip89Crawler object at 0x05968E10> crawled proxy unsuccessfully, please check if target url is valid or network issue
2022-05-15 19:11:07.794 | ERROR    | crawlers.base:crawl:48 - crawler <public.ip89.Ip89Crawler object at 0x058C9DF0> crawled proxy unsuccessfully, please check if target url is valid or network issue
2022-05-15 19:11:10.860 | ERROR    | crawlers.base:crawl:48 - crawler <public.kuaidaili.KuaidailiCrawler object at 0x05968E50> crawled proxy unsuccessfully, please check if target url is valid or network issue
2022-05-15 19:11:15.300 | ERROR    | crawlers.base:crawl:48 - crawler <public.kuaidaili.KuaidailiCrawler object at 0x058C9E30> crawled proxy unsuccessfully, please check if target url is valid or network issue
2022-05-15 19:13:08.955 | ERROR    | crawlers.base:crawl:48 - crawler <public.goubanjia.GoubanjiaCrawler object at 0x05968D90> crawled proxy unsuccessfully, please check if target url is valid or network issue
2022-05-15 19:13:12.494 | ERROR    | crawlers.base:crawl:48 - crawler <public.goubanjia.GoubanjiaCrawler object at 0x058C9D70> crawled proxy unsuccessfully, please check if target url is valid or network issue
2022-05-15 19:13:54.983 | ERROR    | crawlers.base:crawl:48 - crawler <public.ip89.Ip89Crawler object at 0x058C9DF0> crawled proxy unsuccessfully, please check if target url is valid or network issue
2022-05-15 19:14:01.092 | ERROR    | crawlers.base:crawl:48 - crawler <public.ip89.Ip89Crawler object at 0x05968E10> crawled proxy unsuccessfully, please check if target url is valid or network issue
2022-05-15 19:14:02.046 | ERROR    | crawlers.base:crawl:48 - crawler <public.kuaidaili.KuaidailiCrawler object at 0x058C9E30> crawled proxy unsuccessfully, please check if target url is valid or network issue
2022-05-15 19:14:08.248 | ERROR    | crawlers.base:crawl:48 - crawler <public.kuaidaili.KuaidailiCrawler object at 0x05968E50> crawled proxy unsuccessfully, please check if target url is valid or network issue
2022-05-15 19:15:59.583 | ERROR    | crawlers.base:crawl:48 - crawler <public.goubanjia.GoubanjiaCrawler object at 0x058C9D70> crawled proxy unsuccessfully, please check if target url is valid or network issue
2022-05-15 19:16:06.002 | ERROR    | crawlers.base:crawl:48 - crawler <public.goubanjia.GoubanjiaCrawler object at 0x05968D90> crawled proxy unsuccessfully, please check if target url is valid or network issue
2022-05-15 19:17:19.390 | ERROR    | crawlers.base:crawl:48 - crawler <public.ip89.Ip89Crawler object at 0x058C9DF0> crawled proxy unsuccessfully, please check if target url is valid or network issue
2022-05-15 19:17:26.612 | ERROR    | crawlers.base:crawl:48 - crawler <public.kuaidaili.KuaidailiCrawler object at 0x058C9E30> crawled proxy unsuccessfully, please check if target url is valid or network issue
2022-05-15 19:17:36.639 | ERROR    | crawlers.base:crawl:48 - crawler <public.ip89.Ip89Crawler object at 0x05968E10> crawled proxy unsuccessfully, please check if target url is valid or network issue
2022-05-15 19:17:53.566 | ERROR    | crawlers.base:crawl:48 - crawler <public.kuaidaili.KuaidailiCrawler object at 0x05968E50> crawled proxy unsuccessfully, please check if target url is valid or network issue
2022-05-15 19:19:24.500 | ERROR    | crawlers.base:crawl:48 - crawler <public.goubanjia.GoubanjiaCrawler object at 0x058C9D70> crawled proxy unsuccessfully, please check if target url is valid or network issue
2022-05-15 19:19:46.174 | ERROR    | crawlers.base:crawl:48 - crawler <public.ip89.Ip89Crawler object at 0x058C9DF0> crawled proxy unsuccessfully, please check if target url is valid or network issue
2022-05-15 19:19:51.164 | ERROR    | crawlers.base:crawl:48 - crawler <public.goubanjia.GoubanjiaCrawler object at 0x05968D90> crawled proxy unsuccessfully, please check if target url is valid or network issue
2022-05-15 19:19:53.150 | ERROR    | crawlers.base:crawl:48 - crawler <public.kuaidaili.KuaidailiCrawler object at 0x058C9E30> crawled proxy unsuccessfully, please check if target url is valid or network issue
2022-05-15 19:20:14.961 | ERROR    | crawlers.base:crawl:48 - crawler <public.ip89.Ip89Crawler object at 0x05968E10> crawled proxy unsuccessfully, please check if target url is valid or network issue
2022-05-15 19:20:24.534 | ERROR    | crawlers.base:crawl:48 - crawler <public.kuaidaili.KuaidailiCrawler object at 0x05968E50> crawled proxy unsuccessfully, please check if target url is valid or network issue
2022-05-15 19:21:51.033 | ERROR    | crawlers.base:crawl:48 - crawler <public.goubanjia.GoubanjiaCrawler object at 0x058C9D70> crawled proxy unsuccessfully, please check if target url is valid or network issue
2022-05-15 19:22:14.319 | ERROR    | crawlers.base:crawl:48 - crawler <public.ip89.Ip89Crawler object at 0x058C9DF0> crawled proxy unsuccessfully, please check if target url is valid or network issue
2022-05-15 19:22:22.322 | ERROR    | crawlers.base:crawl:48 - crawler <public.goubanjia.GoubanjiaCrawler object at 0x05968D90> crawled proxy unsuccessfully, please check if target url is valid or network issue
2022-05-15 19:22:22.645 | ERROR    | crawlers.base:crawl:48 - crawler <public.kuaidaili.KuaidailiCrawler object at 0x058C9E30> crawled proxy unsuccessfully, please check if target url is valid or network issue
2022-05-15 19:22:44.891 | ERROR    | crawlers.base:crawl:48 - crawler <public.ip89.Ip89Crawler object at 0x05968E10> crawled proxy unsuccessfully, please check if target url is valid or network issue
2022-05-15 19:22:52.241 | ERROR    | crawlers.base:crawl:48 - crawler <public.kuaidaili.KuaidailiCrawler object at 0x05968E50> crawled proxy unsuccessfully, please check if target url is valid or network issue
2022-05-15 19:24:20.514 | ERROR    | crawlers.base:crawl:48 - crawler <public.goubanjia.GoubanjiaCrawler object at 0x058C9D70> crawled proxy unsuccessfully, please check if target url is valid or network issue
2022-05-15 19:24:46.149 | ERROR    | crawlers.base:crawl:48 - crawler <public.ip89.Ip89Crawler object at 0x058C9DF0> crawled proxy unsuccessfully, please check if target url is valid or network issue
2022-05-15 19:24:49.517 | ERROR    | crawlers.base:crawl:48 - crawler <public.goubanjia.GoubanjiaCrawler object at 0x05968D90> crawled proxy unsuccessfully, please check if target url is valid or network issue
2022-05-15 19:24:53.396 | ERROR    | crawlers.base:crawl:48 - crawler <public.kuaidaili.KuaidailiCrawler object at 0x058C9E30> crawled proxy unsuccessfully, please check if target url is valid or network issue
2022-05-15 19:25:11.886 | ERROR    | crawlers.base:crawl:48 - crawler <public.ip89.Ip89Crawler object at 0x05968E10> crawled proxy unsuccessfully, please check if target url is valid or network issue
2022-05-15 19:25:20.144 | ERROR    | crawlers.base:crawl:48 - crawler <public.kuaidaili.KuaidailiCrawler object at 0x05968E50> crawled proxy unsuccessfully, please check if target url is valid or network issue
2022-05-15 19:26:50.448 | ERROR    | crawlers.base:crawl:48 - crawler <public.goubanjia.GoubanjiaCrawler object at 0x058C9D70> crawled proxy unsuccessfully, please check if target url is valid or network issue
2022-05-15 19:27:13.855 | ERROR    | crawlers.base:crawl:48 - crawler <public.ip89.Ip89Crawler object at 0x058C9DF0> crawled proxy unsuccessfully, please check if target url is valid or network issue
2022-05-15 19:27:17.213 | ERROR    | crawlers.base:crawl:48 - crawler <public.goubanjia.GoubanjiaCrawler object at 0x05968D90> crawled proxy unsuccessfully, please check if target url is valid or network issue
2022-05-15 19:27:21.068 | ERROR    | crawlers.base:crawl:48 - crawler <public.kuaidaili.KuaidailiCrawler object at 0x058C9E30> crawled proxy unsuccessfully, please check if target url is valid or network issue
2022-05-15 19:27:42.172 | ERROR    | crawlers.base:crawl:48 - crawler <public.ip89.Ip89Crawler object at 0x05968E10> crawled proxy unsuccessfully, please check if target url is valid or network issue
2022-05-15 19:27:49.095 | ERROR    | crawlers.base:crawl:48 - crawler <public.kuaidaili.KuaidailiCrawler object at 0x05968E50> crawled proxy unsuccessfully, please check if target url is valid or network issue
2022-05-15 19:29:18.418 | ERROR    | crawlers.base:crawl:48 - crawler <public.goubanjia.GoubanjiaCrawler object at 0x058C9D70> crawled proxy unsuccessfully, please check if target url is valid or network issue
2022-05-15 19:29:40.587 | ERROR    | crawlers.base:crawl:48 - crawler <public.ip89.Ip89Crawler object at 0x058C9DF0> crawled proxy unsuccessfully, please check if target url is valid or network issue
2022-05-15 19:29:46.086 | ERROR    | crawlers.base:crawl:48 - crawler <public.goubanjia.GoubanjiaCrawler object at 0x05968D90> crawled proxy unsuccessfully, please check if target url is valid or network issue
2022-05-15 19:29:47.611 | ERROR    | crawlers.base:crawl:48 - crawler <public.kuaidaili.KuaidailiCrawler object at 0x058C9E30> crawled proxy unsuccessfully, please check if target url is valid or network issue
2022-05-15 19:30:09.804 | ERROR    | crawlers.base:crawl:48 - crawler <public.ip89.Ip89Crawler object at 0x05968E10> crawled proxy unsuccessfully, please check if target url is valid or network issue
2022-05-15 19:30:19.565 | ERROR    | crawlers.base:crawl:48 - crawler <public.kuaidaili.KuaidailiCrawler object at 0x05968E50> crawled proxy unsuccessfully, please check if target url is valid or network issue
2022-05-15 19:31:44.051 | ERROR    | crawlers.base:crawl:48 - crawler <public.goubanjia.GoubanjiaCrawler object at 0x058C9D70> crawled proxy unsuccessfully, please check if target url is valid or network issue
2022-05-15 19:32:20.683 | ERROR    | crawlers.base:crawl:48 - crawler <public.goubanjia.GoubanjiaCrawler object at 0x05968D90> crawled proxy unsuccessfully, please check if target url is valid or network issue
2022-05-15 19:32:48.436 | ERROR    | crawlers.base:crawl:48 - crawler <public.ip89.Ip89Crawler object at 0x058C9DF0> crawled proxy unsuccessfully, please check if target url is valid or network issue
2022-05-15 19:32:53.146 | ERROR    | crawlers.base:crawl:48 - crawler <public.jiangxianli.JiangxianliCrawler object at 0x058C9E10> crawled proxy unsuccessfully, please check if target url is valid or network issue
2022-05-15 19:32:56.447 | ERROR    | crawlers.base:crawl:48 - crawler <public.ip89.Ip89Crawler object at 0x05968E10> crawled proxy unsuccessfully, please check if target url is valid or network issue
2022-05-15 19:32:57.373 | ERROR    | crawlers.base:crawl:48 - crawler <public.kuaidaili.KuaidailiCrawler object at 0x058C9E30> crawled proxy unsuccessfully, please check if target url is valid or network issue
2022-05-15 19:33:05.522 | ERROR    | crawlers.base:crawl:48 - crawler <public.jiangxianli.JiangxianliCrawler object at 0x05968E30> crawled proxy unsuccessfully, please check if target url is valid or network issue
2022-05-15 19:33:09.776 | ERROR    | crawlers.base:crawl:48 - crawler <public.kuaidaili.KuaidailiCrawler object at 0x05968E50> crawled proxy unsuccessfully, please check if target url is valid or network issue
2022-05-15 19:34:55.031 | ERROR    | crawlers.base:crawl:48 - crawler <public.goubanjia.GoubanjiaCrawler object at 0x058C9D70> crawled proxy unsuccessfully, please check if target url is valid or network issue
2022-05-15 19:35:06.788 | ERROR    | crawlers.base:crawl:48 - crawler <public.goubanjia.GoubanjiaCrawler object at 0x05968D90> crawled proxy unsuccessfully, please check if target url is valid or network issue
2022-05-15 19:37:13.991 | ERROR    | crawlers.base:crawl:48 - crawler <public.jiangxianli.JiangxianliCrawler object at 0x05968E30> crawled proxy unsuccessfully, please check if target url is valid or network issue
2022-05-15 19:38:24.413 | ERROR    | crawlers.base:crawl:48 - crawler <public.jiangxianli.JiangxianliCrawler object at 0x058C9E10> crawled proxy unsuccessfully, please check if target url is valid or network issue
2022-05-15 19:41:26.648 | ERROR    | crawlers.base:crawl:48 - crawler <public.jiangxianli.JiangxianliCrawler object at 0x05968E30> crawled proxy unsuccessfully, please check if target url is valid or network issue
2022-05-15 19:41:40.416 | ERROR    | crawlers.base:crawl:48 - crawler <public.jiangxianli.JiangxianliCrawler object at 0x058C9E10> crawled proxy unsuccessfully, please check if target url is valid or network issue
2022-05-15 19:44:43.225 | ERROR    | crawlers.base:crawl:48 - crawler <public.jiangxianli.JiangxianliCrawler object at 0x054AEEF0> crawled proxy unsuccessfully, please check if target url is valid or network issue
2022-05-15 19:44:43.460 | ERROR    | crawlers.base:crawl:48 - crawler <public.jiangxianli.JiangxianliCrawler object at 0x05169E90> crawled proxy unsuccessfully, please check if target url is valid or network issue
2022-05-15 19:53:38.769 | ERROR    | crawlers.base:crawl:48 - crawler <public.kuaidaili.KuaidailiCrawler object at 0x05169EB0> crawled proxy unsuccessfully, please check if target url is valid or network issue
2022-05-15 19:53:39.700 | ERROR    | crawlers.base:crawl:48 - crawler <public.kuaidaili.KuaidailiCrawler object at 0x054AEF10> crawled proxy unsuccessfully, please check if target url is valid or network issue
2022-05-15 19:57:42.791 | ERROR    | crawlers.base:crawl:48 - crawler <public.kuaidaili.KuaidailiCrawler object at 0x05169EB0> crawled proxy unsuccessfully, please check if target url is valid or network issue
2022-05-15 19:57:42.868 | ERROR    | crawlers.base:crawl:48 - crawler <public.kuaidaili.KuaidailiCrawler object at 0x054AEF10> crawled proxy unsuccessfully, please check if target url is valid or network issue
2022-05-15 20:00:55.884 | ERROR    | crawlers.base:crawl:48 - crawler <public.jiangxianli.JiangxianliCrawler object at 0x054AEEF0> crawled proxy unsuccessfully, please check if target url is valid or network issue
2022-05-15 20:01:29.939 | ERROR    | crawlers.base:crawl:48 - crawler <public.kuaidaili.KuaidailiCrawler object at 0x054AEF10> crawled proxy unsuccessfully, please check if target url is valid or network issue
2022-05-15 20:01:34.070 | ERROR    | crawlers.base:crawl:48 - crawler <public.jiangxianli.JiangxianliCrawler object at 0x05169E90> crawled proxy unsuccessfully, please check if target url is valid or network issue
2022-05-15 20:02:08.171 | ERROR    | crawlers.base:crawl:48 - crawler <public.kuaidaili.KuaidailiCrawler object at 0x05169EB0> crawled proxy unsuccessfully, please check if target url is valid or network issue
2022-05-15 20:04:54.555 | ERROR    | crawlers.base:crawl:48 - crawler <public.jiangxianli.JiangxianliCrawler object at 0x054AEEF0> crawled proxy unsuccessfully, please check if target url is valid or network issue
2022-05-15 20:05:28.630 | ERROR    | crawlers.base:crawl:48 - crawler <public.kuaidaili.KuaidailiCrawler object at 0x054AEF10> crawled proxy unsuccessfully, please check if target url is valid or network issue
2022-05-15 20:05:32.160 | ERROR    | crawlers.base:crawl:48 - crawler <public.jiangxianli.JiangxianliCrawler object at 0x05169E90> crawled proxy unsuccessfully, please check if target url is valid or network issue
2022-05-15 20:06:06.230 | ERROR    | crawlers.base:crawl:48 - crawler <public.kuaidaili.KuaidailiCrawler object at 0x05169EB0> crawled proxy unsuccessfully, please check if target url is valid or network issue
2022-05-15 20:08:49.844 | ERROR    | crawlers.base:crawl:48 - crawler <public.jiangxianli.JiangxianliCrawler object at 0x054AEEF0> crawled proxy unsuccessfully, please check if target url is valid or network issue
2022-05-15 20:09:23.900 | ERROR    | crawlers.base:crawl:48 - crawler <public.kuaidaili.KuaidailiCrawler object at 0x054AEF10> crawled proxy unsuccessfully, please check if target url is valid or network issue
2022-05-15 20:09:31.021 | ERROR    | crawlers.base:crawl:48 - crawler <public.jiangxianli.JiangxianliCrawler object at 0x05169E90> crawled proxy unsuccessfully, please check if target url is valid or network issue
2022-05-15 20:10:05.082 | ERROR    | crawlers.base:crawl:48 - crawler <public.kuaidaili.KuaidailiCrawler object at 0x05169EB0> crawled proxy unsuccessfully, please check if target url is valid or network issue
2022-05-15 20:13:12.177 | ERROR    | crawlers.base:crawl:48 - crawler <public.jiangxianli.JiangxianliCrawler object at 0x054AEEF0> crawled proxy unsuccessfully, please check if target url is valid or network issue
2022-05-15 20:13:46.243 | ERROR    | crawlers.base:crawl:48 - crawler <public.kuaidaili.KuaidailiCrawler object at 0x054AEF10> crawled proxy unsuccessfully, please check if target url is valid or network issue
2022-05-15 20:13:50.223 | ERROR    | crawlers.base:crawl:48 - crawler <public.jiangxianli.JiangxianliCrawler object at 0x05169E90> crawled proxy unsuccessfully, please check if target url is valid or network issue
2022-05-15 20:14:24.305 | ERROR    | crawlers.base:crawl:48 - crawler <public.kuaidaili.KuaidailiCrawler object at 0x05169EB0> crawled proxy unsuccessfully, please check if target url is valid or network issue
2022-05-15 20:17:23.013 | ERROR    | crawlers.base:crawl:48 - crawler <public.jiangxianli.JiangxianliCrawler object at 0x054AEEF0> crawled proxy unsuccessfully, please check if target url is valid or network issue
2022-05-15 20:17:57.083 | ERROR    | crawlers.base:crawl:48 - crawler <public.kuaidaili.KuaidailiCrawler object at 0x054AEF10> crawled proxy unsuccessfully, please check if target url is valid or network issue
2022-05-15 20:18:08.833 | ERROR    | crawlers.base:crawl:48 - crawler <public.jiangxianli.JiangxianliCrawler object at 0x05169E90> crawled proxy unsuccessfully, please check if target url is valid or network issue
2022-05-15 20:18:42.887 | ERROR    | crawlers.base:crawl:48 - crawler <public.kuaidaili.KuaidailiCrawler object at 0x05169EB0> crawled proxy unsuccessfully, please check if target url is valid or network issue
2022-05-15 20:22:00.806 | ERROR    | crawlers.base:crawl:48 - crawler <public.jiangxianli.JiangxianliCrawler object at 0x05169E90> crawled proxy unsuccessfully, please check if target url is valid or network issue
2022-05-15 20:22:06.033 | ERROR    | crawlers.base:crawl:48 - crawler <public.jiangxianli.JiangxianliCrawler object at 0x054AEEF0> crawled proxy unsuccessfully, please check if target url is valid or network issue
2022-05-15 20:22:34.883 | ERROR    | crawlers.base:crawl:48 - crawler <public.kuaidaili.KuaidailiCrawler object at 0x05169EB0> crawled proxy unsuccessfully, please check if target url is valid or network issue
